
r_exp  6.7403969 r_exp_dash  9.83487177 r_wp  14.8879004 r_wp_dash  21.7228441 r_p  11.063925 r_p_dash  17.8931871 weighted_Durbin_Watson  0.552276239 gof  2.20875723
iters 100000
xdd "C:\Users\Administrator\Desktop\batcher\test.raw"
	r_exp  6.7403969 r_exp_dash  9.83487177 r_wp  14.8879004 r_wp_dash  21.7228441 r_p  11.063925 r_p_dash  17.8931871 weighted_Durbin_Watson  0.552276239 gof  2.20875723
	range 1
	bkg @  93.851503` -68.3506283`  37.2596896` -18.1739302`  8.8917102`  0.980705559`
	start_X  10
	finish_X  65
	LP_Factor( 0)
	Specimen_Displacement(@,  0.01350`)
	One_on_X(@, 269.18214`)
	Rp 280
	Rs 280
	axial_conv 
		filament_length  12
		sample_length  15
		receiving_slit_length  12
		primary_soller_angle  2.5
		secondary_soller_angle  2.5
		axial_n_beta  30
	lpsd_th2_angular_range_degrees  3
		lpsd_equitorial_divergence_degrees  0.3
	lam
		ymin_on_ymax  1e-005
		la  0.0159 lo  1.534753 lh  3.6854
		la  0.5791 lo  1.540596 lh  0.437
		la  0.0762 lo  1.541058 lh  0.6
		la  0.2417 lo  1.54441 lh  0.52
		la  0.0871 lo  1.544721 lh  0.62
		la @  0.00181`_LIMIT_MIN_1e-005 lo  1.3922 lh  0.8
		la  0.05357 lo  1.54441 lh  0 lg  200
	str 
		LVol_FWHM_CS_G_L( 1, 636.61969`, 0.89, 889.99988`,,,cs_C3S, 999.99987`_LIMIT_MIN_50 min =50; max =1000;)
		r_bragg  9.59880539
		phase_MAC  101.135832
		phase_name "C3S_M1"
		MVW( 1369.899, 720.363`, 1.064`)
		space_group Pc
		scale scale_C3S_M1  1.41606924e-006`
		Phase_LAC_1_on_cm( 319.36811`)
		Phase_Density_g_on_cm3( 3.15781`)
		site Ca1 num_posns  2 x  0.00673 y  -0.00135 z  0.02101 occ Ca+2  1 beq  2
		site Ca2 num_posns  2 x  0.00461 y  0.50018 z  0.00877 occ Ca+2  1 beq  2
		site Ca3 num_posns  2 x  0.33163 y  0.46938 z  0.79072 occ Ca+2  1 beq  2
		site Ca4 num_posns  2 x  0.34468 y  -0.00177 z  0.78102 occ Ca+2  1 beq  2
		site Ca5 num_posns  2 x  0.68814 y  0.75656 z  0.4851 occ Ca+2  1 beq  2
		site Ca6 num_posns  2 x  0.00432 y  0.72678 z  0.25164 occ Ca+2  1 beq  2
		site Ca7 num_posns  2 x  0.3334 y  0.75241 z  0.04818 occ Ca+2  1 beq  2
		site Ca8 num_posns  2 x  0.67364 y  0.48519 z  0.72551 occ Ca+2  1 beq  2
		site Ca9 num_posns  2 x  0.6766 y  0.0348 z  0.73504 occ Ca+2  1 beq  2
		site O1 num_posns  2 x  0.89208 y  0.76109 z  0.3827 occ O-2  1 beq  2
		site O2 num_posns  2 x  0.11092 y  0.72811 z  0.1056 occ O-2  1 beq  2
		site O3 num_posns  2 x  0.49178 y  0.74341 z  0.26204 occ O-2  1 beq  2
		site Si1 num_posns  2 x  0.98719 y  0.24241 z  0.24612 occ Si+4  1 beq  2
		site O11 num_posns  2 x  0.79454 y  0.26095 z  0.16979 occ O-2  1 beq  2
		site O12 num_posns  2 x  0.0735 y  0.37868 z  0.1863 occ O-2  1 beq  2
		site O13 num_posns  2 x  0.0405 y  0.30451 z  0.38624 occ O-2  1 beq  2
		site O14 num_posns  2 x  0.0402 y  0.02548 z  0.24213 occ O-2  1 beq  2
		site Si2 num_posns  2 x  0.65602 y  0.26293 z  0.47553 occ Si+4  1 beq  2
		site O21 num_posns  2 x  0.46226 y  0.27026 z  0.40448 occ O-2  1 beq  2
		site O22 num_posns  2 x  0.73 y  0.44655 z  0.4394 occ O-2  1 beq  2
		site O23 num_posns  2 x  0.71204 y  0.26185 z  0.6212 occ O-2  1 beq  2
		site O24 num_posns  2 x  0.71976 y  0.07304 z  0.43702 occ O-2  1 beq  2
		site Si3 num_posns  2 x  0.35057 y  0.25183 z  0.02188 occ Si+4  1 beq  2
		site O31 num_posns  2 x  0.20556 y  0.09976 z  -0.02526 occ O-2  1 beq  2
		site O32 num_posns  2 x  0.37761 y  0.32745 z  -0.09283 occ O-2  1 beq  2
		site O33 num_posns  2 x  0.30588 y  0.42801 z  0.08584 occ O-2  1 beq  2
		site O34 num_posns  2 x  0.51323 y  0.1521 z  0.11978 occ O-2  1 beq  2
		a a_C3S_M1  9.280000`_LIMIT_MIN_9.28 min =9.28; max =9.39;
		b b_C3S_M1  7.106195` min =7.01; max =7.12;
		c c_C3S_M1  12.151567` min =12.12; max =12.32;
		be be_C3S_M1  115.98001`_LIMIT_MIN_115.98 min =115.98; max =116.18;
		Preferred_Orientation(po_C3S, 0.80000`_LIMIT_MIN_0.8 min =0.8; max =1;,, 1 0 1)
	str 
		LVol_FWHM_CS_G_L( 1, 31.83099`, 0.89, 44.50000`,,,cs_C2S_AlphaH, 50.00000`_LIMIT_MIN_50 min =50; max =1000;)
		r_bragg  6.68637818
		phase_MAC  93.5399995
		phase_name "C2S_α"
		MVW( 688.956, 347.071`, 3.616`)
		space_group 62
		scale scale_C2S_AlphaH  1.98550463e-005`
		Phase_LAC_1_on_cm( 308.33343`)
		Phase_Density_g_on_cm3( 3.29627`)
		site Ca1 num_posns  8 x  0.3344 y  0.2815 z  0.5725 occ Ca+2  0.5 beq  1
		site Ca2 num_posns  8 x  0.9947 y  0.2721 z  0.2939 occ Ca+2  0.5 beq  1
		site Si1 num_posns  4 x  0.778 y  0.25 z  0.5889 occ Si+4  1 beq  1
		site O1 num_posns  8 x  0.9952 y  0.3075 z  0.554 occ O-2  0.5 beq  1
		site O2 num_posns  8 x  0.7485 y  0.0424 z  0.6939 occ O-2  0.5 beq  1
		site O3 num_posns  8 x  0.6727 y  0.1807 z  0.4487 occ O-2  0.5 beq  1
		site O4 num_posns  8 x  0.6939 y  0.4845 z  0.6474 occ O-2  0.5 beq  1
		a a_C2S_AlphaH  6.750000`_LIMIT_MIN_6.75 min =6.75; max =6.773;
		b b_C2S_AlphaH  5.530000`_LIMIT_MAX_5.53 min =5.50; max =5.53;
		c c_C2S_AlphaH  9.297988`_LIMIT_MIN_9.28 min =9.28; max =9.33;
		Preferred_Orientation(!po_C2S_AlphaH, 1 min =0.6; max =1;,, 0 1 -3)
	str 
		LVol_FWHM_CS_G_L( 1, 110.09594`, 0.89, 153.91509`,,,cs_C2S_beta, 172.93830` min =40; max =1000;)
		r_bragg  5.97008347
		phase_MAC  93.5399995
		phase_name "C2S_β"
		MVW( 688.956, 345.601`, 76.369`)
		space_group 14
		scale scale_C2S  0.000421166328`
		Phase_LAC_1_on_cm( 309.64456`)
		Phase_Density_g_on_cm3( 3.31029`)
		site Ca1 num_posns  4 x  0.2028 y  0.3435 z  0.7724 occ CA+2  1 beq  0.52
		site Ca2 num_posns  4 x  0.4815 y  0.9979 z  0.7797 occ CA+2  1 beq  0.45
		site Si1 num_posns  4 x  0.1513 y  0.7806 z  0.732 occ SI+4  1 beq  0.67
		site O1 num_posns  4 x  0.2229 y  0.0077 z  0.7805 occ O-2  1 beq  0.59
		site O2 num_posns  4 x  0.833 y  0.7496 z  0.5247 occ O-2  1 beq  0.49
		site O3 num_posns  4 x  0.3461 y  0.6728 z  0.9842 occ O-2  1 beq  0.44
		site O4 num_posns  4 x  0.2287 y  0.6757 z  0.6569 occ O-2  1 beq  0.7
		a a_C2S_beta  9.312994` min =9.289; max =9.339;
		b b_C2S_beta  6.757887` min =6.733; max =6.783;
		c c_C2S_beta  10.441186` min =10.420; max =10.480;
		be be_C2S_beta  148.26938` min =148.100; max =148.30;
		Preferred_Orientation(!po_C2S, 1,, 1 0 0)
	str 
		LVol_FWHM_CS_G_L( 1, 349.80136`, 0.89, 489.02535`,,,cs_C2S_gamma, 549.46669`_LIMIT_MIN_50 min =50; max =1000;)
		r_bragg  4.92110689
		phase_MAC  93.5399995
		phase_name "C2S_γ"
		MVW( 688.956, 384.054`, 0.886`)
		space_group 62
		scale sc_C2S_gamma  4.39898947e-006`
		Phase_LAC_1_on_cm( 278.64167`)
		Phase_Density_g_on_cm3( 2.97885`)
		site Ca1 num_posns  4 x =0; :  0.00000 y =0; :  0.00000 z =0; :  0.00000 occ CA+2  1 beq  0.81
		site Ca2 num_posns  4 x  0.7809 y =1/4; :  0.25000 z  0.5107 occ CA+2  1 beq  0.65
		site Si1 num_posns  4 x  0.5978 y =1/4; :  0.25000 z  0.0714 occ SI+4  1 beq  0.55
		site O1 num_posns  4 x  0.5931 y =1/4; :  0.25000 z  0.7569 occ O-2  1 beq  1.16
		site O2 num_posns  4 x  0.463 y =1/4; :  0.25000 z  0.2064 occ O-2  1 beq  1
		site O3 num_posns  8 x  0.1601 y  0.0588 z  0.3015 occ O-2  1 beq  1.31
		a a_C2S_gamma  11.200446`_LIMIT_MIN_11.2 min =11.20; max =11.24;
		b b_C2S_gamma  6.769394` min =6.74; max =6.78;
		c c_C2S_gamma  5.065325`_LIMIT_MIN_5.06 min =5.06; max =5.10;
		Preferred_Orientation(!po_C2S_gamma, 1,, 1 -3 0)
	str 
		LVol_FWHM_CS_G_L( 1, 46.95404`, 0.89, 65.64215`,,,cs_C3A_cubic, 73.75523`_LIMIT_MIN_60 min =60; max =1000;)
		r_bragg  11.7059826
		phase_MAC  89.418071
		phase_name "C3A_立方"
		MVW( 6484.643, 3567.550`, 2.318`)
		space_group 205
		scale scale_C3A_cubic  1.31599705e-007`
		Phase_LAC_1_on_cm( 269.89245`)
		Phase_Density_g_on_cm3( 3.01832`)
		site Ca1 num_posns  4 x =0; :  0.00000 y =0; :  0.00000 z =0; :  0.00000 occ CA+2  1 beq  0.47
		site Ca2 num_posns  4 x =1/2; :  0.50000 y =1/2; :  0.50000 z =1/2; :  0.50000 occ CA+2  1 beq  0.66
		site Ca3 num_posns  8 x  0.7439 y  0.7439 z  0.7439 occ CA+2  1 beq  0.62
		site Ca4 num_posns  8 x  0.625 y  0.625 z  0.625 occ CA+2  1 beq  0.92
		site Ca5 num_posns  24 x  0.1386 y  0.3763 z  0.1272 occ CA+2  1 beq  1.03
		site Ca6 num_posns  24 x  0.38 y  0.3838 z  0.1209 occ CA+2  1 beq  0.65
		site Al1 num_posns  24 x  0.2526 y  0.0133 z  0.0197 occ AL+3  1 beq  0.52
		site Al2 num_posns  24 x  0.2444 y  0.2335 z  0.0046 occ AL+3  1 beq  0.53
		site O1 num_posns  24 x  0.2777 y  0.1241 z  0.0103 occ O-2  1 beq  1.17
		site O2 num_posns  24 x  0.4835 y  0.1315 z  0.2536 occ O-2  1 beq  1.1
		site O3 num_posns  24 x  0.2664 y  0.2841 z  0.1049 occ O-2  1 beq  1
		site O4 num_posns  24 x  0.235 y  0.4047 z  0.2921 occ O-2  1 beq  1
		site O5 num_posns  24 x  0.3491 y  -0.0385 z  -0.0174 occ O-2  1 beq  1
		site O6 num_posns  24 x  0.1509 y  -0.0104 z  -0.0242 occ O-2  1 beq  0.95
		Cubic(a_C3A_cubic  15.280000`_LIMIT_MAX_15.28 min =15.20; max =15.28;)
	str 
		LVol_FWHM_CS_G_L( 1, 70.02817`, 0.89, 97.90000`,,,cs_C3A_ortho, 110.00000`_LIMIT_MIN_110 min =110; max =1000;)
		r_bragg  8.41054351
		phase_MAC  85.7538924
		phase_name "C3A_正交"
		MVW( 3254.125, 1791.466`, 1.251`)
		space_group 61
		scale scale_C3A_ortho  2.81678459e-007`
		Phase_LAC_1_on_cm( 258.65976`)
		Phase_Density_g_on_cm3( 3.01630`)
		site Ca1 num_posns  8 x  0.0027 y  0.002 z  0.5182 occ CA+2  0.25 beq  1.03
		site Ca2 num_posns  8 x  -0.0039 y  0.0177 z  0.2393 occ CA+2  1 beq  0.7
		site Ca3 num_posns  8 x  0.0093 y  0.2674 z  0.1331 occ CA+2  1 beq  0.69
		site Ca4 num_posns  8 x  0.2565 y  0.2707 z  0.2528 occ CA+2  1 beq  1.13
		site Ca1 num_posns  8 x  0.2627 y  0.2462 z  0.4983 occ CA+2  1 beq  1.05
		site Na1 num_posns  4 x =0; :  0.00000 y =0; :  0.00000 z =0; :  0.00000 occ NA+1  1 beq  2.91
		site Al1 num_posns  8 x  -0.0048 y  -0.2141 z  0.116 occ AL+3  1 beq  0.41
		site Al2 num_posns  8 x  0.2375 y  -0.0033 z  0.1129 occ AL+3  1 beq  0.62
		site Al3 num_posns  8 x  0.2421 y  0.0054 z  -0.1086 occ AL+3  1 beq  1.6
		site O1 num_posns  8 x  -0.1442 y  -0.1339 z  0.1091 occ O-2  1 beq  1.64
		site O2 num_posns  8 x  0.1107 y  -0.1012 z  0.1263 occ O-2  1 beq  1.76
		site O3 num_posns  8 x  0.287 y  -0.0221 z  0.0023 occ O-2  1 beq  0.94
		site O4 num_posns  8 x  -0.0073 y  -0.2856 z  0.2178 occ O-2  1 beq  1.74
		site O5 num_posns  8 x  0.0196 y  -0.2933 z  0.0172 occ O-2  1 beq  1.32
		site O6 num_posns  8 x  0.3553 y  -0.0722 z  0.1736 occ O-2  1 beq  1.11
		site O7 num_posns  8 x  0.1886 y  0.1479 z  0.1324 occ O-2  1 beq  1.27
		site O8 num_posns  8 x  0.1623 y  -0.1277 z  -0.1419 occ O-2  1 beq  1.04
		site O9 num_posns  8 x  0.3717 y  0.0661 z  -0.1597 occ O-2  1 beq  0.92
		a a_C3A_ortho  10.890000`_LIMIT_MIN_10.85 min =10.85; max =10.89;
		b b_C3A_ortho  10.880000`_LIMIT_MAX_10.88 min =10.83; max =10.88;
		c c_C3A_ortho  15.120000`_LIMIT_MIN_15.08 min =15.08; max =15.12;
	str 
		LVol_FWHM_CS_G_L( 1, 636.59953`, 0.89, 889.97170`,,,cs_C4AF, 999.96820`_LIMIT_MIN_35 min =35; max =1000;)
		e0_from_Strain( 0.00000`,,,strain_C4AF, 0.00000`_LIMIT_MIN_0 min =0; max =0.3;)
		r_bragg  4.59059045
		phase_MAC  177.215142`
		phase_name "C4AF"
		MVW( 1087.372`, 430.977`, 0.236`)
		space_group Ibm2
		scale scale_C4AF  6.60987101e-007`_LIMIT_MIN_1e-015
		Phase_LAC_1_on_cm( 742.46239`)
		Phase_Density_g_on_cm3( 4.18961`)
		site Ca1 num_posns  8 x  0.027 y  0.1084 z  0.491 occ CA+2  1 beq  1
		site Fe1 num_posns  4 x =0; :  0.00000 y =0; :  0.00000 z =0; :  0.00000 occ FE+3 occ_C4AF_Fe1  1.00000`_LIMIT_MIN_0.5 min =0.5; max =1; beq  1 occ AL+3 =1-occ_C4AF_Fe1; :  0.00000` beq  1
		site Al1 num_posns  4 x  0.9293 y =1/4; :  0.25000 z  0.9516 occ FE+3 occ_C4AF_Al1  1.00000`_LIMIT_MIN_0 min =0; max =1; beq  1 occ AL+3 =1-occ_C4AF_Al1; :  0.00000` beq  1
		site O1 num_posns  8 x  0.2533 y  0.9856 z  0.252 occ O-2  1 beq  1
		site O2 num_posns  8 x  0.0687 y  0.1429 z  0.0268 occ O-2  1 beq  1
		site O3 num_posns  4 x  0.86668 y =1/4; :  0.25000 z  0.6147 occ O-2  1 beq  1
		a a_C4AF  5.559109` min =5.52; max =5.60;
		b b_C4AF  14.602491`_LIMIT_MAX_14.62 min =14.52; max =14.62;
		c c_C4AF  5.309110`_LIMIT_MIN_5.3 min =5.30; max =5.38;
		Preferred_Orientation(!po_C4AF, 1,, 0 1 0)
	str 
		LVol_FWHM_CS_G_L( 1, 145.51315`, 0.89, 203.42866`,,,cs_Lime, 228.57153`_LIMIT_MIN_100 min =100; max =1000;)
		r_bragg  5.28060294
		phase_MAC  124.466076
		phase_name "Lime 氧化钙"
		MVW( 224.310, 110.888`, 0.000`)
		space_group 225
		scale scale_Lime  4.6785247e-014`_LIMIT_MIN_1e-015
		Phase_LAC_1_on_cm( 418.08229`)
		Phase_Density_g_on_cm3( 3.35901`)
		site Ca1 num_posns  4 x =0; :  0.00000 y =0; :  0.00000 z =0; :  0.00000 occ CA+2  1 beq  0.5
		site O1 num_posns  4 x =1/2; :  0.50000 y =1/2; :  0.50000 z =1/2; :  0.50000 occ O-2  1 beq  2.3
		Cubic(a_Lime  4.804286`_LIMIT_MIN_4.79 min =4.79; max =4.81;)
		Preferred_Orientation(!po_Lime, 1,, 1 0 0)
	str 
		LVol_FWHM_CS_G_L( 1, 48.60019`, 0.89, 67.94349`,,,cs_Portlandite, 76.34100` min =25; max =1000;)
		r_bragg  5.93503544
		phase_MAC  96.6917762
		phase_name "Portlandite 氢氧化钙"
		MVW( 74.093, 54.899`, 9.693`)
		space_group 164
		scale scale_Portlandite  0.00312917648`
		Phase_LAC_1_on_cm( 216.69693`)
		Phase_Density_g_on_cm3( 2.24111`)
		site Ca1 num_posns  1 x =0; :  0.00000 y =0; :  0.00000 z =0; :  0.00000 occ CA+2  1 beq  1
		site O1 num_posns  2 x =1/3; :  0.33333 y =2/3; :  0.66667 z  0.233 occ O-2  1 beq  1
		site H1 num_posns  2 x =1/3; :  0.33333 y =2/3; :  0.66667 z  0.395 occ H  1 beq  0
		Trigonal(a_Portlandite  3.593127` min =3.55; max =3.60;,c_Portlandite  4.910047` min =4.875; max =4.915;)
		Preferred_Orientation(!po_Portlandite, 1 min =0.5; max =1.0;,, 0 0 1)
	str 
		LVol_FWHM_CS_G_L( 1, 636.61525`, 0.89, 889.99368`,,,cs_Periclase, 999.99290`_LIMIT_MIN_70 min =70; max =1000;)
		r_bragg  2.42500981
		phase_MAC  28.6169935
		phase_name "Periclase 方镁石"
		MVW( 161.218, 74.518`, 0.026`)
		space_group 225
		scale scale_Periclase  2.86257637e-006`_LIMIT_MIN_1e-015
		Phase_LAC_1_on_cm( 102.80692`)
		Phase_Density_g_on_cm3( 3.59251`)
		site Mg1 num_posns  4 x =0; :  0.00000 y =0; :  0.00000 z =0; :  0.00000 occ MG+2  1 beq  0.31
		site O1 num_posns  4 x =1/2; :  0.50000 y =1/2; :  0.50000 z =1/2; :  0.50000 occ O-2  1 beq  0.36
		Cubic(a_Periclase  4.208117`_LIMIT_MIN_4.207 min =4.207; max =4.227;)
	str 
		LVol_FWHM_CS_G_L( 1, 636.61870`, 0.89, 889.99850`,,,cs_Arcanite, 999.99832`_LIMIT_MIN_120 min =120; max =1000;)
		r_bragg  7.08879861
		phase_MAC  86.2686948
		phase_name "Arcanite 单钾芒硝"
		MVW( 697.037, 432.489`, 0.000`)
		space_group 62
		scale scale_Arcanite  1.15121375e-015`_LIMIT_MIN_1e-015
		Phase_LAC_1_on_cm( 230.87850`)
		Phase_Density_g_on_cm3( 2.67627`)
		site S1 num_posns  4 x  0.733 y =1/4; :  0.25000 z  0.9197 occ S  1 beq  1.17
		site K1 num_posns  4 x  0.1738 y =1/4; :  0.25000 z  0.9106 occ K+1  1 beq  1.81
		site K2 num_posns  4 x  0.489 y =1/4; :  0.25000 z  0.2041 occ K+1  1 beq  1.63
		site O1 num_posns  4 x  0.5379 y =1/4; :  0.25000 z  0.9166 occ O-2  1 beq  2.26
		site O2 num_posns  4 x  0.7963 y =1/4; :  0.25000 z  0.0582 occ O-2  1 beq  1.96
		site O3 num_posns  8 x  0.3009 y  0.0412 z  0.6478 occ O-2  1 beq  2.23
		a a_Arcanite  7.470000`_LIMIT_MIN_7.47 min =7.47; max =7.485;
		b b_Arcanite  5.751333`_LIMIT_MIN_5.75 min =5.75; max =5.770;
		c c_Arcanite  10.066667`_LIMIT_MIN_10.06 min =10.06; max =10.080;
	str 
		LVol_FWHM_CS_G_L( 1, 636.61977`, 0.89, 890.00000`,,,cs_Langbeinite, 1000.00000`_LIMIT_MIN_80 min =80; max =1000;)
		r_bragg  7.2474785
		phase_MAC  80.7618845
		phase_name "Langbeinite 无水钾镁矾"
		MVW( 1786.162, 1103.047`, 0.146`)
		space_group 19
		scale scale_Langbeinite  9.70231557e-008`_LIMIT_MIN_1e-015
		Phase_LAC_1_on_cm( 217.16139`)
		Phase_Density_g_on_cm3( 2.68891`)
		site K1 num_posns  4 x  0.8308 y  0.8132 z  0.8111 occ K+1  1 beq  1
		site K2 num_posns  4 x  0.0343 y  0.057 z  0.0614 occ K+1  1 beq  1
		site Ca1 num_posns  4 x  0.3065 y  0.3395 z  0.3245 occ Ca+2  1 beq  1
		site Ca2 num_posns  4 x  0.5987 y  0.594 z  0.5752 occ Ca+2  1 beq  1
		site S1 num_posns  4 x  0.2112 y  0.3719 z  0.0191 occ S  1 beq  1
		site S2 num_posns  4 x  0.3872 y  0.0045 z  0.2507 occ S  1 beq  1
		site S3 num_posns  4 x  0.001 y  0.2179 z  0.3697 occ S  1 beq  1
		site O1 num_posns  4 x  0.3075 y  0.2695 z  0.0349 occ O-2  1 beq  1
		site O2 num_posns  4 x  0.0866 y  0.3186 z  0.9758 occ O-2  1 beq  1
		site O3 num_posns  4 x  0.2583 y  0.4629 z  0.9203 occ O-2  1 beq  1
		site O4 num_posns  4 x  0.1933 y  0.4345 z  0.1476 occ O-2  1 beq  1
		site O5 num_posns  4 x  0.3047 y  0.932 z  0.3418 occ O-2  1 beq  1
		site O6 num_posns  4 x  0.3941 y  0.1387 z  0.2908 occ O-2  1 beq  1
		site O7 num_posns  4 x  0.5187 y  0.9521 z  0.2603 occ O-2  1 beq  1
		site O8 num_posns  4 x  0.3367 y  0.9903 z  0.1172 occ O-2  1 beq  1
		site O9 num_posns  4 x  0.0622 y  0.1013 z  0.32 occ O-2  1 beq  1
		site O10 num_posns  4 x  0.9066 y  0.1877 z  0.4734 occ O-2  1 beq  1
		site O11 num_posns  4 x  0.9294 y  0.2776 z  0.2597 occ O-2  1 beq  1
		site O12 num_posns  4 x  0.0996 y  0.3051 z  0.4214 occ O-2  1 beq  1
		a a_Langbeinite  10.341478`_LIMIT_MIN_10.304 min =10.304; max =10.364;
		b b_Langbeinite  10.474296`_LIMIT_MIN_10.471 min =10.471; max =10.531;
		c c_Langbeinite  10.183252`_LIMIT_MIN_10.156 min =10.156; max =10.216;
	str 
		LVol_FWHM_CS_G_L( 1, 76.39437`, 0.89, 106.80000`,,,cs_Aphthitalite, 120.00000`_LIMIT_MIN_120 min =120; max =1000;)
		r_bragg  15.843012
		phase_MAC  63.5916875
		phase_name "Aphthitalite 钾芒硝"
		MVW( 316.301, 205.598`, 0.171`)
		space_group P3m1
		scale scale_Aphthitalite  3.45913216e-006`_LIMIT_MIN_1e-015
		Phase_LAC_1_on_cm( 162.45493`)
		Phase_Density_g_on_cm3( 2.55466`)
		site K1 num_posns  1 x =0; :  0.00000 y =0; :  0.00000 z =0; :  0.00000 occ K+1  1 beq  1
		site Na1 num_posns  1 x =0; :  0.00000 y =0; :  0.00000 z  0.504 occ Na+1  1 beq  1
		site Na2 num_posns  1 x =2/3; :  0.66667 y =1/3; :  0.33333 z  0.689 occ Na+1  1 beq  1
		site K2 num_posns  1 x =1/3; :  0.33333 y =2/3; :  0.66667 z  0.309 occ K+1  1 beq  1
		site S1 num_posns  1 x =2/3; :  0.66667 y =1/3; :  0.33333 z  0.234 occ S  1 beq  1
		site S2 num_posns  1 x =1/3; :  0.33333 y =2/3; :  0.66667 z  0.764 occ S  1 beq  1
		site O1 num_posns  1 x =2/3; :  0.66667 y =1/3; :  0.33333 z  0.026 occ O-2  1 beq  1
		site O2 num_posns  1 x =1/3; :  0.33333 y =2/3; :  0.66667 z  0.955 occ O-2  1 beq  1
		site O3 num_posns  3 x  0.187 y  -0.187 z  0.71 occ O-2  1 beq  1
		site O4 num_posns  3 x  0.803 y  -0.803 z  0.314 occ O-2  1 beq  1
		Trigonal(a_Aphthitalite  5.686000`_LIMIT_MIN_5.666 min =5.666; max =5.686;,c_Aphthitalite  7.343000`_LIMIT_MIN_7.323 min =7.323; max =7.343;)
	str 
		LVol_FWHM_CS_G_L( 1, 46.74964`, 0.89, 65.35641`,,,cs_Gypsum, 73.43417`_LIMIT_MIN_40 min =40; max =1000;)
		r_bragg  7.68475618
		phase_MAC  64.7226458
		phase_name "Gypsum 石膏"
		MVW( 672.558, 491.982`, 0.268`)
		space_group I12/a1
		scale scale_Gypsum  1.06518836e-006`_LIMIT_MIN_1e-015
		Phase_LAC_1_on_cm( 146.92164`)
		Phase_Density_g_on_cm3( 2.27002`)
		site Ca1 num_posns  4 x =1/4; :  0.25000 y  0.4213 z =0; :  0.00000 occ CA+2  1 beq  0.88
		site S1 num_posns  4 x =1/4; :  0.25000 y  0.9216 z =0; :  0.00000 occ S  1 beq  0.66
		site O1 num_posns  8 x  0.5505 y  0.1319 z  0.9632 occ O-2  1 beq  1.49
		site O2 num_posns  8 x  0.6671 y  0.0223 z  0.7582 occ O-2  1 beq  1.41
		site O3 num_posns  8 x  0.4588 y  0.1821 z  0.3796 occ O-2  1 beq  2.19
		a a_Gypsum  6.510000`_LIMIT_MIN_6.51 min =6.51; max =6.53;
		b b_Gypsum  15.210000`_LIMIT_MIN_15.19 min =15.19; max =15.21;
		c c_Gypsum  5.670000`_LIMIT_MIN_5.67 min =5.67; max =5.69;
		be be_Gypsum  118.80000`_LIMIT_MIN_118 min =118.00; max =118.80;
		Preferred_Orientation(po_Gypsum, 0.85000`_LIMIT_MIN_0.6 min =0.60; max =0.85;,, 0 1 0)
	str 
		LVol_FWHM_CS_G_L( 1, 25.46479`, 0.89, 35.60000`,,,cs_Bassanite, 40.00000`_LIMIT_MIN_40 min =40; max =1000;)
		r_bragg  4.22567906
		phase_MAC  73.0795956
		phase_name "Bassanite 烧石膏"
		MVW( 1741.779, 1056.946`, 0.667`)
		space_group I121
		scale scale_Bassanite  4.75759579e-007`
		Phase_LAC_1_on_cm( 199.97960`)
		Phase_Density_g_on_cm3( 2.73646`)
		site S1 num_posns  4 x  -0.0024 y  0.1239 z  0.7385 occ S  1 beq  1
		site S2 num_posns  4 x  0.7178 y  0.2821 z  0.584 occ S  1 beq  1
		site S3 num_posns  4 x  0.2666 y  0.2935 z  0.9231 occ S  1 beq  1
		site Ca1 num_posns  2 x =0; :  0.00000 y  0.1191 z =1/2; :  0.50000 occ Ca+2  1 beq  1
		site Ca2 num_posns  4 x  0.7238 y  0.2817 z  0.8217 occ Ca+2  1 beq  1
		site Ca3 num_posns  4 x  0.2678 y  0.3246 z  0.6709 occ Ca+2  1 beq  1
		site Ca4 num_posns  2 x =0; :  0.00000 y  0.1397 z =0; :  0.00000 occ Ca+2  1 beq  1
		site O1 num_posns  4 x  0.0601 y  0.2767 z  0.6792 occ O-2  1 beq  1
		site O2 num_posns  4 x  0.0615 y  0.0144 z  0.8137 occ O-2  1 beq  1
		site O3 num_posns  4 x  -0.0809 y  0.2283 z  0.8106 occ O-2  1 beq  1
		site O4 num_posns  4 x  -0.0727 y  -0.0321 z  0.6898 occ O-2  1 beq  1
		site O5 num_posns  4 x  0.7404 y  0.4321 z  0.6647 occ O-2  1 beq  1
		site O6 num_posns  4 x  0.6341 y  0.3644 z  0.5093 occ O-2  1 beq  1
		site O7 num_posns  4 x  0.8135 y  0.2615 z  0.5116 occ O-2  1 beq  1
		site O8 num_posns  4 x  0.6996 y  0.0927 z  0.6372 occ O-2  1 beq  1
		site O9 num_posns  4 x  0.2382 y  0.4472 z  0.8459 occ O-2  1 beq  1
		site O10 num_posns  4 x  0.3678 y  0.3383 z  0.9874 occ O-2  1 beq  1
		site O11 num_posns  4 x  0.191 y  0.2122 z  0.0033 occ O-2  1 beq  1
		site O12 num_posns  4 x  0.3029 y  0.1441 z  0.846 occ O-2  1 beq  1
		site O13 num_posns  4 x  0.0599 y  0.5988 z  0.3421 occ O-2  1 beq  1
		site O14 num_posns  2 x =0; :  0.00000 y  0.4555 z =0; :  0.00000 occ O-2  1 beq  1
		site H1 num_posns  4 x  0.0522 y  0.5552 z  0.038 occ H  1 beq  1
		site H2 num_posns  4 x  -0.0343 y  0.6035 z  0.3086 occ H  1 beq  1
		site H3 num_posns  4 x  0.0838 y  0.4869 z  0.2861 occ H  1 beq  1
		a a_Bassanite  12.030000`_LIMIT_MIN_12.01 min =12.01; max =12.03;
		b b_Bassanite  6.940000`_LIMIT_MIN_6.92 min =6.92; max =6.94;
		c c_Bassanite  12.660000`_LIMIT_MIN_12.66 min =12.66; max =12.68;
		be be_Bassanite  90.30000`_LIMIT_MIN_90.1 min =90.1; max =90.3;
		Preferred_Orientation(!po_Bassanite, 0.6 min =0.4; max =1;,, 1 1 0)
	str 
		LVol_FWHM_CS_G_L( 1, 636.61975`, 0.89, 889.99996`,,,cs_Anhydrite, 999.99996`_LIMIT_MIN_40 min =40; max =1000;)
		r_bragg  16.199513
		phase_MAC  77.2375415
		phase_name "Anhydrite 硬石膏"
		MVW( 544.562, 305.268`, 0.027`)
		space_group 63
		scale scale_Anhydrite  2.14998476e-007`_LIMIT_MIN_1e-015
		Phase_LAC_1_on_cm( 228.79413`)
		Phase_Density_g_on_cm3( 2.96221`)
		site Ca1 num_posns  4 x =0; :  0.00000 y  0.654 z =1/4; :  0.25000 occ CA+2  1 beq  0.7
		site S1 num_posns  4 x =0; :  0.00000 y  0.155 z =1/4; :  0.25000 occ S  1 beq  0.7
		site O1 num_posns  8 x  0.329 y  0.515 z =1/4; :  0.25000 occ O-2  1 beq  0.9
		site O2 num_posns  8 x =0; :  0.00000 y  0.702 z  0.92 occ O-2  1 beq  1.1
		a a_Anhydrit  6.990640`_LIMIT_MIN_6.984 min =6.984; max =7.004;
		b b_Anhydrit  6.246620`_LIMIT_MIN_6.227 min =6.227; max =6.247;
		c c_Anhydrit  6.990666`_LIMIT_MIN_6.98 min =6.98; max =7.00;
		Preferred_Orientation(po_Anhydrite, 0.85000`_LIMIT_MIN_0.6 min =0.60; max =0.85;,, 1 0 0)
	str 
		LVol_FWHM_CS_G_L( 1, 31.83099`, 0.89, 44.50000`,,,cs_Calcite, 50.00000`_LIMIT_MIN_50 min =50; max =1000;)
		r_bragg  3.55566885
		phase_MAC  73.9460749
		phase_name "Calcite 方解石"
		MVW( 600.521, 368.231`, 2.437`)
		space_group 167
		scale scale_Calcite  1.4472903e-005`
		Phase_LAC_1_on_cm( 200.25020`)
		Phase_Density_g_on_cm3( 2.70806`)
		site Ca1 num_posns  6 x =0; :  0.00000 y =0; :  0.00000 z =0; :  0.00000 occ CA+2  1 beq  0.95
		site C1 num_posns  6 x =0; :  0.00000 y =0; :  0.00000 z =1/4; :  0.25000 occ C  1 beq  0.9
		site O1 num_posns  18 x  0.257 y =0; :  0.00000 z =1/4; :  0.25000 occ O  1 beq  0.94
		Trigonal(a_Calcite  4.991125` min =4.98; max =5.00;,c_Calcite  17.068389`_LIMIT_MIN_17.05 min =17.05; max =17.07;)
		Preferred_Orientation(!po_Calcite, 0.65 min =0.65; max =1.00;,, 1 0 4)
	str 
		LVol_FWHM_CS_G_L( 1, 1273.23920`, 0.89, 1779.99952`,,,csl_Dolomite, 1999.99946`_LIMIT_MIN_50 min =50; max =2000;)
		r_bragg  4.46637949
		phase_MAC  48.6750795
		phase_name "Dolomite 白云石"
		MVW( 553.202, 319.273`, 0.679`)
		space_group 148
		scale sc_Dolomite  5.04496112e-006`
		Phase_LAC_1_on_cm( 140.04840`)
		Phase_Density_g_on_cm3( 2.87721`)
		site Ca1 num_posns  3 x =0; :  0.00000 y =0; :  0.00000 z =0; :  0.00000 occ CA+2  1 beq  0.7
		site Mg1 num_posns  3 x =0; :  0.00000 y =0; :  0.00000 z =1/2; :  0.50000 occ MG+2  1 beq  0.5
		site C1 num_posns  6 x =0; :  0.00000 y =0; :  0.00000 z  0.2429 occ C  1 beq  0.7
		site O1 num_posns  18 x  0.2485 y  -0.0343 z  0.2439 occ O  1 beq  0.8
		Trigonal(a_Dolomite  4.815228` min =4.80; max =4.88;,c_Dolomite  15.900015`_LIMIT_MIN_15.9 min =15.90; max =16.42;)
		Preferred_Orientation(!po_Dolomite, 0.65 min =0.65; max =1;,, 1 0 4)
	hkl_Is 
		hkl_m_d_th2 0 0 2 2  9.235553     9.56871      I  2.05270142e-010
		hkl_m_d_th2 2 0 -2 2  8.329203     10.61278     I  0.01858485616
		hkl_m_d_th2 4 0 0 2  8.290625     10.66230     I  0.01406196859
		hkl_m_d_th2 2 0 2 2  7.830684     11.29054     I  0.01484194695
		hkl_m_d_th2 4 0 -1 2  7.777245     11.36837     I  0.0251988569
		hkl_m_d_th2 4 0 1 2  7.366777     12.00407     I  0.03432590883
		hkl_m_d_th2 1 1 0 4  6.848687     12.91588     I  0.01149107085
		hkl_m_d_th2 1 -1 -1 4  6.453066     13.71141     I  0.04729996279
		hkl_m_d_th2 1 1 1 4  6.390381     13.84656     I  0.01753635023
		hkl_m_d_th2 4 0 -2 2  6.404602     13.81567     I  0.03122114305
		hkl_m_d_th2 0 0 3 2  6.157036     14.37405     I  0.003343324237
		hkl_m_d_th2 4 0 2 2  5.958463     14.85574     I !Flaeche_1 0.27078
		hkl_m_d_th2 3 1 0 4  5.913715     14.96879     I !Flaeche_2 1.2198
		hkl_m_d_th2 2 0 -3 2  5.913558     14.96919     I  0.007612890057
		hkl_m_d_th2 3 -1 -1 4  5.696630     15.54268     I  0.003767987738
		hkl_m_d_th2 2 0 3 2  5.640061     15.69954     I  0.01085298472
		hkl_m_d_th2 3 1 1 4  5.569720     15.89909     I  0.009817735863
		hkl_m_d_th2 1 -1 -2 4  5.541001     15.98203     I  0.02051487509
		hkl_m_d_th2 6 0 0 2  5.527083     16.02254     I  0.2129120123
		hkl_m_d_th2 1 1 2 4  5.462174     16.21422     I  0.5747096251
		hkl_m_d_th2 6 0 -1 2  5.403797     16.39058     I  0.005692189326
		hkl_m_d_th2 6 0 1 2  5.192725     17.06168     I  0.02601091218
		hkl_m_d_th2 4 0 -3 2  5.124024     17.29218     I  0.009282276458
		hkl_m_d_th2 3 -1 -2 4  5.070335     17.47671     I  0.02502988065
		hkl_m_d_th2 3 1 2 4  4.894761     18.10877     I  0.00485694182
		hkl_m_d_th2 6 0 -2 2  4.901839     18.08240     I  0.01696426358
		hkl_m_d_th2 5 1 0 4  4.814428     18.41354     I  0.01316417864
		hkl_m_d_th2 4 0 3 2  4.779920     18.54764     I  0.0147613558
		hkl_m_d_th2 5 -1 -1 4  4.719794     18.78605     I  0.008933882104
		hkl_m_d_th2 1 -1 -3 4  4.613212     19.22414     I  0.07164817907
		hkl_m_d_th2 0 0 4 2  4.617777     19.20496     I  0.02346816282
		hkl_m_d_th2 5 1 1 4  4.600068     19.27960     I  0.0280487912
		hkl_m_d_th2 6 0 2 2  4.598044     19.28817     I  0.003920460329
		hkl_m_d_th2 1 1 3 4  4.545034     19.51532     I  0.0258065482
		hkl_m_d_th2 2 0 -4 2  4.534259     19.56215     I  0.04760704272
		hkl_m_d_th2 5 -1 -2 4  4.364364     20.33159     I  0.03051380873
		hkl_m_d_th2 2 0 4 2  4.367407     20.31728     I  0.02945278852
		hkl_m_d_th2 3 -1 -3 4  4.350180     20.39859     I  0.07443928168
		hkl_m_d_th2 6 0 -3 2  4.269735     20.78715     I  0.02837999881
		hkl_m_d_th2 3 1 3 4  4.184738     21.21420     I  0.06875266203
		hkl_m_d_th2 5 1 2 4  4.179964     21.23871     I  0.04494139069
		hkl_m_d_th2 4 0 -4 2  4.164601     21.31797     I  0.1595297505
		hkl_m_d_th2 8 0 0 2  4.145312     21.41834     I  0.00735062867
		hkl_m_d_th2 8 0 -1 2  4.108856     21.61065     I  0.0657983398
		hkl_m_d_th2 8 0 1 2  3.983473     22.29944     I  0.01731175267
		hkl_m_d_th2 6 0 3 2  3.972309     22.36292     I  0.0381599297
		hkl_m_d_th2 7 1 0 4  3.923345     22.64568     I  0.02897822874
		hkl_m_d_th2 4 0 4 2  3.915342     22.69258     I  0.01752661213
		hkl_m_d_th2 5 -1 -3 4  3.893344     22.82252     I  0.04388975593
		hkl_m_d_th2 7 -1 -1 4  3.885433     22.86961     I  0.01378962837
		hkl_m_d_th2 8 0 -2 2  3.888623     22.85060     I  0.760124598
		hkl_m_d_th2 1 -1 -4 4  3.855608     23.04893     I  1.239927447
		hkl_m_d_th2 1 1 4 4  3.802458     23.37562     I  0.08236481686
		hkl_m_d_th2 7 1 1 4  3.791740     23.44263     I  0.0148326461
		hkl_m_d_th2 3 -1 -4 4  3.710083     23.96617     I  0.02318520107
		hkl_m_d_th2 5 1 3 4  3.699326     24.03689     I  0.02414092052
		hkl_m_d_th2 0 0 5 2  3.694221     24.07060     I  0.05161922914
		hkl_m_d_th2 7 -1 -2 4  3.691668     24.08750     I  0.02446660631
		hkl_m_d_th2 6 0 -4 2  3.677332     24.18282     I  0.06710892379
		hkl_m_d_th2 8 0 2 2  3.683389     24.14246     I  0.04338926141
		hkl_m_d_th2 2 0 -5 2  3.662616     24.28146     I  0.03931690019
		hkl_m_d_th2 3 1 4 4  3.573009     24.90006     I  0.1220629359
		hkl_m_d_th2 2 0 5 2  3.551573     25.05278     I  0.1197679047
		hkl_m_d_th2 8 0 -3 2  3.560258     24.99067     I  0.08921236407
		hkl_m_d_th2 7 1 2 4  3.535444     25.16894     I  1.212071589
		hkl_m_d_th2 0 2 0 2  3.499790     25.42962     I  0.7347450379
		hkl_m_d_th2 4 0 -5 2  3.469187     25.65775     I  0.0961104291
		hkl_m_d_th2 0 2 1 4  3.438611     25.88985     I  0.03230406883
		hkl_m_d_th2 2 2 0 4  3.424344     25.99960     I  0.00769401451
		hkl_m_d_th2 5 -1 -4 4  3.423843     26.00347     I  0.1082732369
		hkl_m_d_th2 6 0 4 2  3.423702     26.00456     I  0.01809260751
		hkl_m_d_th2 7 -1 -3 4  3.402580     26.16884     I  0.04088005313
		hkl_m_d_th2 2 -2 -1 4  3.376044     26.37822     I  0.08754530801
		hkl_m_d_th2 2 2 1 4  3.357973     26.52276     I  0.003717456897
		hkl_m_d_th2 8 0 3 2  3.328621     26.76097     I  0.08762381538
		hkl_m_d_th2 10 0 0 2  3.316250     26.86267     I  1.629950615e-009
		hkl_m_d_th2 10 0 -1 2  3.306016     26.94739     I  0.02569104869
		hkl_m_d_th2 0 2 2 4  3.272689     27.22706     I  0.03824497155
		hkl_m_d_th2 4 0 5 2  3.286954     27.10663     I  0.02359822345
		hkl_m_d_th2 1 -1 -5 4  3.271906     27.23369     I  0.07622755223
		hkl_m_d_th2 9 1 0 4  3.260537     27.33049     I  0.36096239
		hkl_m_d_th2 5 1 4 4  3.248310     27.43538     I  0.1652004483
		hkl_m_d_th2 2 -2 -2 4  3.226533     27.62421     I  0.3524214623
		hkl_m_d_th2 9 -1 -1 4  3.246750     27.44882     I  0.3904556877
		hkl_m_d_th2 4 2 0 4  3.224277     27.64392     I  0.05770530078
		hkl_m_d_th2 1 1 5 4  3.231221     27.58334     I  0.0750819021
		hkl_m_d_th2 7 1 3 4  3.222187     27.66221     I  0.04945711846
		hkl_m_d_th2 10 0 1 2  3.223664     27.64928     I !Flaeche_x 1.11
		hkl_m_d_th2 2 2 2 4  3.195191     27.90064     I  0.08168604695
		hkl_m_d_th2 4 -2 -1 4  3.191529     27.93329     I  0.0003275006089
		hkl_m_d_th2 8 0 -4 2  3.202301     27.83744     I  0.05281398071
		hkl_m_d_th2 3 -1 -5 4  3.189208     27.95404     I  0.03581766734
		hkl_m_d_th2 10 0 -2 2  3.195698     27.89611     I !Flaeche_3 2.53
		hkl_m_d_th2 6 0 -5 2  3.179687     28.03945     I !Flaeche_4 0.00635
		hkl_m_d_th2 4 2 1 4  3.161187     28.20693     I  0.3287294696
		hkl_m_d_th2 9 1 1 4  3.176203     28.07083     I  0.01775776576
		hkl_m_d_th2 9 -1 -2 4  3.138411     28.41592     I  0.04641205991
		hkl_m_d_th2 4 -2 -2 4  3.071165     29.05163     I  0.109911877
		hkl_m_d_th2 3 1 5 4  3.079918     28.96727     I  0.1042737922
		hkl_m_d_th2 7 -1 -4 4  3.082634     28.94118     I  0.2454766583
		hkl_m_d_th2 0 0 6 2  3.078518     28.98073     I  0.04034115898
		hkl_m_d_th2 2 0 -6 2  3.066962     29.09232     I  0.132156095
		hkl_m_d_th2 0 2 3 4  3.042602     29.33044     I  0.004043664152
		hkl_m_d_th2 10 0 2 2  3.051563     29.24239     I  17.41346395
		hkl_m_d_th2 4 2 2 4  3.017736     29.57761     I  40.67518468
		hkl_m_d_th2 2 -2 -3 4  3.011853     29.63671     I  0.08013368136
		hkl_m_d_th2 5 -1 -5 4  3.008286     29.67267     I  0.04885983629
		hkl_m_d_th2 9 1 2 4  3.014450     29.61060     I  0.01024304787
		hkl_m_d_th2 10 0 -3 2  3.012279     29.63243     I  0.03329827934
		hkl_m_d_th2 2 0 6 2  2.988160     29.87715     I  0.04591533988
		hkl_m_d_th2 2 2 3 4  2.973784     30.02498     I  0.3263742678
		hkl_m_d_th2 8 0 4 2  2.979232     29.96879     I  5.368367155
		hkl_m_d_th2 6 0 5 2  2.973363     30.02933     I  0.4441527136
		hkl_m_d_th2 6 2 0 4  2.956858     30.20093     I  10.97593707
		hkl_m_d_th2 9 -1 -3 4  2.961079     30.15686     I  0.05477465582
		hkl_m_d_th2 4 0 -6 2  2.956779     30.20176     I  0.4315938992
		hkl_m_d_th2 6 -2 -1 4  2.937522     30.40451     I  0.002968273687
		hkl_m_d_th2 6 2 1 4  2.902169     30.78400     I  0.09900045197
		hkl_m_d_th2 7 1 4 4  2.905088     30.75231     I  0.005603917672
		hkl_m_d_th2 4 -2 -3 4  2.890010     30.91674     I  0.05550130873
		hkl_m_d_th2 5 1 5 4  2.859062     31.25991     I  0.07558017343
		hkl_m_d_th2 8 0 -5 2  2.862978     31.21606     I  0.1645685204
		hkl_m_d_th2 6 -2 -2 4  2.848315     31.38089     I  0.03077721457
		hkl_m_d_th2 4 2 3 4  2.823792     31.66053     I  0.02314505843
		hkl_m_d_th2 1 -1 -6 4  2.823741     31.66112     I  0.04172505634
		hkl_m_d_th2 10 0 3 2  2.835126     31.53066     I  0.1990635155
		hkl_m_d_th2 4 0 6 2  2.820031     31.70387     I  0.03849424291
		hkl_m_d_th2 9 1 3 4  2.807906     31.84440     I  0.0102251194
		hkl_m_d_th2 0 2 4 4  2.789226     32.06339     I  0.1751787227
		hkl_m_d_th2 1 1 6 4  2.792296     32.02719     I  0.03399627439
		hkl_m_d_th2 6 2 2 4  2.784860     32.11502     I  0.02832841419
		hkl_m_d_th2 10 0 -4 2  2.791196     32.04015     I  0.05484232845
		hkl_m_d_th2 2 -2 -4 4  2.770500     32.28601     I  0.2593872638
		hkl_m_d_th2 3 -1 -6 4  2.775113     32.23088     I  0.07876134545
		hkl_m_d_th2 6 0 -6 2  2.776401     32.21552     I  62.93730309
		hkl_m_d_th2 7 -1 -5 4  2.773972     32.24450     I  0.1427539485
		hkl_m_d_th2 11 1 0 4  2.768867     32.30557     I  0.06929409689
		hkl_m_d_th2 11 -1 -1 4  2.765402     32.34717     I  0.2335450082
		hkl_m_d_th2 12 0 0 2  2.763542     32.36954     I  27.36071839
		hkl_m_d_th2 12 0 -1 2  2.762588     32.38102     I  0.7131213966
		hkl_m_d_th2 9 -1 -4 4  2.747857     32.55942     I  0.08846442179
		hkl_m_d_th2 2 2 4 4  2.731087     32.76496     I  54.78989761
		hkl_m_d_th2 6 -2 -3 4  2.706708     33.06851     I  0.01899448195
		hkl_m_d_th2 11 1 1 4  2.711927     33.00305     I  0.02172861776
		hkl_m_d_th2 11 -1 -2 4  2.702192     33.12536     I  1.139817247
		hkl_m_d_th2 12 0 1 2  2.704578     33.09530     I  0.275378371
		hkl_m_d_th2 12 0 -2 2  2.701898     33.12907     I  0.09200560669
		hkl_m_d_th2 3 1 6 4  2.688301     33.30150     I  1.251495652
		hkl_m_d_th2 4 -2 -4 4  2.679323     33.41636     I  1.727888323
		hkl_m_d_th2 8 2 0 4  2.674166     33.48270     I  0.05913675469
		hkl_m_d_th2 8 -2 -1 4  2.664302     33.61033     I  0.8021807849
		hkl_m_d_th2 8 0 5 2  2.663702     33.61814     I  0.1244134948
		hkl_m_d_th2 5 -1 -6 4  2.657872     33.69407     I  0.1189716524
		hkl_m_d_th2 0 0 7 2  2.638730     33.94588     I  0.1307508917
		hkl_m_d_th2 2 0 -7 2  2.635766     33.98521     I  0.04332309612
		hkl_m_d_th2 8 2 1 4  2.629194     34.07275     I  0.02784651291
		hkl_m_d_th2 6 2 3 4  2.625976     34.11578     I  0.05134633799
		hkl_m_d_th2 4 2 4 4  2.609317     34.34033     I  0.05296526384
		hkl_m_d_th2 7 1 5 4  2.612419     34.29829     I  0.0133943144
		hkl_m_d_th2 6 0 6 2  2.610228     34.32797     I  30.0296563
		hkl_m_d_th2 8 -2 -2 4  2.601364     34.44860     I  58.89280252
		hkl_m_d_th2 11 1 2 4  2.604952     34.39967     I  1.389968998e-010
		hkl_m_d_th2 10 0 4 2  2.605598     34.39087     I  0.1184491891
		hkl_m_d_th2 12 0 2 2  2.596363     34.51703     I  0.1384713126
		hkl_m_d_th2 11 -1 -3 4  2.590614     34.59604     I  0.1351897534
		hkl_m_d_th2 12 0 -3 2  2.592415     34.57125     I  0.08802231022
		hkl_m_d_th2 9 1 4 4  2.586466     34.65327     I  0.004999237667
		hkl_m_d_th2 2 0 7 2  2.577100     34.78322     I  0.02173710486
		hkl_m_d_th2 4 0 -7 2  2.568843     34.89862     I  0.03777855807
		hkl_m_d_th2 8 0 -6 2  2.562012     34.99466     I  0.7345440577
		hkl_m_d_th2 10 0 -5 2  2.561841     34.99707     I  0.2714774426
		hkl_m_d_th2 0 2 5 4  2.540681     35.29808     I  0.1095162736
		hkl_m_d_th2 6 -2 -4 4  2.535167     35.37738     I  1.574678152e-008
		hkl_m_d_th2 8 2 2 4  2.537149     35.34883     I  0.01319378969
		hkl_m_d_th2 2 -2 -5 4  2.530331     35.44725     I  0.1189740472
		hkl_m_d_th2 5 1 6 4  2.533798     35.39714     I  0.1604320022
		hkl_m_d_th2 9 -1 -5 4  2.526298     35.50571     I  0.09216395492
		hkl_m_d_th2 2 2 5 4  2.492832     35.99858     I  0.2386951041
		hkl_m_d_th2 8 -2 -3 4  2.495829     35.95387     I  0.7803144633
		hkl_m_d_th2 7 -1 -6 4  2.495794     35.95440     I  0.0005185892963
		hkl_m_d_th2 1 -1 -7 4  2.474752     36.27069     I  0.003469855818
		hkl_m_d_th2 4 -2 -5 4  2.463834     36.43704     I  0.4283976518
		hkl_m_d_th2 4 0 7 2  2.463359     36.44431     I  0.02692390204
		hkl_m_d_th2 11 1 3 4  2.464625     36.42494     I  0.2106077386
		hkl_m_d_th2 6 2 4 4  2.447380     36.69071     I  1.453461518
		hkl_m_d_th2 1 1 7 4  2.450014     36.64986     I  1.45968555
		hkl_m_d_th2 6 0 -7 2  2.451370     36.62888     I  1.853455474
		hkl_m_d_th2 12 0 3 2  2.455592     36.56365     I  0.06465059091
		hkl_m_d_th2 3 -1 -7 4  2.445275     36.72343     I !Flaeche_5 4.25
		hkl_m_d_th2 12 0 -4 2  2.450920     36.63584     I !Flaeche_6 9.29
		hkl_m_d_th2 11 -1 -4 4  2.447660     36.68636     I !Flaeche_7 0.00564
		hkl_m_d_th2 8 2 3 4  2.411933     37.24960     I  0.1010601087
		hkl_m_d_th2 10 2 0 4  2.407214     37.32532     I  0.03161715309
		hkl_m_d_th2 10 -2 -1 4  2.403291     37.38851     I  0.02719954149
		hkl_m_d_th2 4 2 5 4  2.395939     37.50751     I  0.07878227734
		hkl_m_d_th2 13 -1 -1 4  2.397762     37.47794     I  0.09218211834
		hkl_m_d_th2 13 1 0 4  2.396754     37.49428     I  0.2342441515
		hkl_m_d_th2 8 0 6 2  2.389960     37.60486     I  0.2280342846
		hkl_m_d_th2 10 0 5 2  2.383385     37.71250     I  0.04385326243
		hkl_m_d_th2 3 1 7 4  2.375681     37.83944     I  0.01283594662
		hkl_m_d_th2 10 2 1 4  2.371092     37.91547     I  0.03337448369
		hkl_m_d_th2 5 -1 -7 4  2.367061     37.98250     I  0.1280074841
		hkl_m_d_th2 9 1 5 4  2.370291     37.92877     I  0.4734746643
		hkl_m_d_th2 8 -2 -4 4  2.362552     38.05778     I  0.1007140188
		hkl_m_d_th2 14 0 -1 2  2.371299     37.91203     I  0.4100816682
		hkl_m_d_th2 10 -2 -2 4  2.359897     38.10225     I  0.1916113928
		hkl_m_d_th2 14 0 0 2  2.368750     37.95439     I  0.01051019403
		hkl_m_d_th2 6 -2 -5 4  2.353427     38.21106     I  0.08030418334
		hkl_m_d_th2 7 1 6 4  2.354253     38.19712     I  0.05225027547
		hkl_m_d_th2 13 -1 -2 4  2.359310     38.11209     I  0.2726055268
		hkl_m_d_th2 13 1 1 4  2.356434     38.16041     I  0.1130477487
		hkl_m_d_th2 1 3 0 4  2.327440     38.65455     I  0.01364062651
		hkl_m_d_th2 10 0 -6 2  2.342477     38.39666     I  0.118927803
		hkl_m_d_th2 14 0 -2 2  2.335594     38.51427     I  5.505092454
		hkl_m_d_th2 1 -3 -1 4  2.310639     38.94691     I  0.1702577132
		hkl_m_d_th2 1 3 1 4  2.307725     38.99809     I  0.06272404968
		hkl_m_d_th2 14 0 1 2  2.328309     38.63956     I  0.08265614401
		hkl_m_d_th2 0 2 6 4  2.311510     38.93165     I  14.75292792
		hkl_m_d_th2 6 0 7 2  2.316857     38.83818     I  2.168456226
		hkl_m_d_th2 2 -2 -6 4  2.306606     39.01776     I  1.031212606
		hkl_m_d_th2 9 -1 -6 4  2.313745     38.89253     I  0.4006702283
		hkl_m_d_th2 2 0 -8 2  2.309814     38.96139     I  0.1397950866
		hkl_m_d_th2 0 0 8 2  2.308888     38.97764     I  0.06926075739
		hkl_m_d_th2 11 1 4 4  2.307883     38.99530     I  1.332837771
		hkl_m_d_th2 10 2 2 4  2.300034     39.13379     I  0.06990857607
		hkl_m_d_th2 8 0 -7 2  2.302916     39.08282     I  1.095084785
		hkl_m_d_th2 3 3 0 4  2.282896     39.43971     I  1.728888742
		hkl_m_d_th2 12 0 4 2  2.299022     39.15172     I  0.02670815563
		hkl_m_d_th2 12 0 -5 2  2.294093     39.23928     I  0.02793910049
		hkl_m_d_th2 11 -1 -5 4  2.289997     39.31235     I  0.1193460234
		hkl_m_d_th2 10 -2 -3 4  2.283072     39.43654     I  2.14166327
		hkl_m_d_th2 3 -3 -1 4  2.269798     39.67681     I  0.2620910529
		hkl_m_d_th2 13 -1 -3 4  2.286775     39.37004     I  0.1852601505
		hkl_m_d_th2 2 2 6 4  2.272517     39.62735     I  0.04986601646
		hkl_m_d_th2 13 1 2 4  2.282414     39.44838     I  0.7948114872
		hkl_m_d_th2 3 3 1 4  2.261539     39.82783     I  0.07401009214
		hkl_m_d_th2 1 -3 -2 4  2.259604     39.86338     I  0.01747714449
		hkl_m_d_th2 8 2 4 4  2.268582     39.69897     I  1.018032562
		hkl_m_d_th2 6 2 5 4  2.265988     39.74633     I  0.01699248925
		hkl_m_d_th2 4 0 -8 2  2.267130     39.72547     I  0.1075577465
		hkl_m_d_th2 1 3 2 4  2.254162     39.96372     I  0.4483266497
		hkl_m_d_th2 5 1 7 4  2.264284     39.77750     I  0.5142789349
		hkl_m_d_th2 2 0 8 2  2.264508     39.77340     I  0.01841555781
		hkl_m_d_th2 4 -2 -6 4  2.258622     39.88145     I  0.1272986225
		hkl_m_d_th2 14 0 -3 2  2.266537     39.73631     I  0.7320549354
		hkl_m_d_th2 7 -1 -7 4  2.253112     39.98313     I  0.07313356549
		hkl_m_d_th2 14 0 2 2  2.255469     39.93956     I  0.04114281493
		hkl_m_d_th2 3 -3 -2 4  2.223964     40.52999     I  0.02883086998
		hkl_m_d_th2 3 3 2 4  2.208504     40.82630     I  0.1247133334
		hkl_m_d_th2 8 -2 -5 4  2.215974     40.68259     I  0.2569195986
		hkl_m_d_th2 5 3 0 4  2.200978     40.97216     I  0.2139031085
		hkl_m_d_th2 10 2 3 4  2.202983     40.93321     I  0.06642134903
		hkl_m_d_th2 5 -3 -1 4  2.191721     41.15304     I  0.08195653599
		hkl_m_d_th2 4 2 6 4  2.195878     41.07161     I  0.03244010508
		hkl_m_d_th2 1 -1 -8 4  2.197885     41.03243     I  0.02535760149
		hkl_m_d_th2 1 -3 -3 4  2.180759     41.36936     I  0.2101018839
		hkl_m_d_th2 5 3 1 4  2.179366     41.39702     I  0.1245347122
		hkl_m_d_th2 6 0 -8 2  2.187625     41.23360     I  0.03384204028
		hkl_m_d_th2 1 3 3 4  2.173431     41.51527     I  6.108300313
		hkl_m_d_th2 13 -1 -4 4  2.189130     41.20396     I  29.05246771
		hkl_m_d_th2 10 -2 -4 4  2.182182     41.34115     I  19.54958754
		hkl_m_d_th2 4 0 8 2  2.183704     41.31103     I  4.114018337
		hkl_m_d_th2 3 -1 -8 4  2.179604     41.39229     I  1.097094024
		hkl_m_d_th2 1 1 8 4  2.178050     41.42318     I  6.806623511
		hkl_m_d_th2 6 -2 -6 4  2.175090     41.48214     I  6.969156602
		hkl_m_d_th2 13 1 3 4  2.183779     41.30954     I  0.3502756097
		hkl_m_d_th2 10 0 6 2  2.178820     41.40788     I  0.05905124989
		hkl_m_d_th2 12 2 0 4  2.168891     41.60621     I  4.590453672
		hkl_m_d_th2 9 1 6 4  2.170010     41.58374     I  5.739275568
		hkl_m_d_th2 12 -2 -1 4  2.168429     41.61547     I  3.56865583
		hkl_m_d_th2 14 0 -4 2  2.172569     41.53251     I  1.195157837
		hkl_m_d_th2 5 -3 -2 4  2.152730     41.93321     I  7.533389986
		hkl_m_d_th2 3 -3 -3 4  2.151022     41.96809     I  0.0501784101
		hkl_m_d_th2 8 0 7 2  2.156307     41.86037     I  0.03674283417
		hkl_m_d_th2 14 0 3 2  2.158951     41.80671     I  0.05579051104
		hkl_m_d_th2 11 1 5 4  2.148033     42.02924     I  0.3646976051
		hkl_m_d_th2 3 3 3 4  2.130127     42.39952     I  0.03897678382
		hkl_m_d_th2 12 2 1 4  2.140034     42.19383     I  0.1719614811
		hkl_m_d_th2 5 3 2 4  2.129497     42.41268     I  0.1543772394
		hkl_m_d_th2 10 0 -7 2  2.141872     42.15590     I  0.09461939299
		hkl_m_d_th2 12 -2 -2 4  2.138706     42.22129     I  0.04222804186
		hkl_m_d_th2 12 0 5 2  2.139723     42.20026     I  0.2033167404
		hkl_m_d_th2 7 1 7 4  2.131118     42.37885     I  0.08423689949
		hkl_m_d_th2 12 0 -6 2  2.134867     42.30085     I  0.1917443751
		hkl_m_d_th2 11 -1 -6 4  2.130420     42.39342     I  0.2368907571
		hkl_m_d_th2 5 -1 -8 4  2.125939     42.48710     I  0.1466527196
		hkl_m_d_th2 3 1 8 4  2.123058     42.54756     I  0.1952619353
		hkl_m_d_th2 8 2 5 4  2.119611     42.62011     I  0.06205139306
		hkl_m_d_th2 9 -1 -7 4  2.118715     42.63903     I  0.1053113519
		hkl_m_d_th2 0 2 7 4  2.106964     42.88856     I  0.248657084
		hkl_m_d_th2 2 -2 -7 4  2.105454     42.92084     I  0.1562318709
		hkl_m_d_th2 15 -1 -1 4  2.111084     42.80074     I  0.5750816291
		hkl_m_d_th2 7 3 0 4  2.093118     43.18646     I  0.9430148458
		hkl_m_d_th2 15 1 0 4  2.108174     42.86272     I  0.09650374437
		hkl_m_d_th2 5 -3 -3 4  2.088524     43.28622     I  0.5930590696
		hkl_m_d_th2 6 2 6 4  2.092369     43.20269     I  0.5328906268
		hkl_m_d_th2 7 -3 -1 4  2.087300     43.31289     I  0.4905292869
		hkl_m_d_th2 1 -3 -4 4  2.082638     43.41476     I  1.367711158
		hkl_m_d_th2 10 2 4 4  2.089982     43.25452     I  0.009583646206
		hkl_m_d_th2 12 2 2 4  2.085207     43.35858     I  0.003081800015
		hkl_m_d_th2 1 3 4 4  2.074138     43.60179     I  0.2355705992
		hkl_m_d_th2 12 -2 -3 4  2.083160     43.40334     I  0.5702779473
		hkl_m_d_th2 8 0 -8 2  2.082301     43.42216     I  0.06687943718
		hkl_m_d_th2 7 3 1 4  2.072393     43.64037     I  0.04822909065
		hkl_m_d_th2 15 -1 -2 4  2.086847     43.32278     I  0.07072842824
		hkl_m_d_th2 2 2 7 4  2.075189     43.57857     I  0.1034655859
		hkl_m_d_th2 6 0 8 2  2.077569     43.52609     I  0.5905051107
		hkl_m_d_th2 4 -2 -7 4  2.070870     43.67412     I  0.000482925884
		hkl_m_d_th2 13 -1 -5 4  2.076271     43.55469     I  0.1643878238
		hkl_m_d_th2 15 1 1 4  2.078450     43.50671     I  0.6146759753
		hkl_m_d_th2 8 -2 -6 4  2.067286     43.75373     I  0.1038399492
		hkl_m_d_th2 10 -2 -5 4  2.067196     43.75573     I  2.421072924
		hkl_m_d_th2 3 -3 -4 4  2.058753     43.94450     I  0.2858026996
		hkl_m_d_th2 16 0 -1 2  2.076480     43.55010     I  0.008372196689
		hkl_m_d_th2 13 1 4 4  2.070404     43.68446     I  0.1192012393
		hkl_m_d_th2 5 3 3 4  2.056910     43.98594     I  0.06629741897
		hkl_m_d_th2 16 0 0 2  2.072656     43.63455     I  0.2427320777
		hkl_m_d_th2 7 -3 -2 4  2.055591     44.01564     I  0.02616488133
		hkl_m_d_th2 14 0 -5 2  2.063164     43.84569     I  0.09873937899
		hkl_m_d_th2 2 0 -9 2  2.055046     44.02792     I  0.09015636683
		hkl_m_d_th2 0 0 9 2  2.052345     44.08890     I  0.07369579328
		hkl_m_d_th2 16 0 -2 2  2.054428     44.04186     I  0.3330132159
		hkl_m_d_th2 7 -1 -8 4  2.044253     44.27264     I  0.1238822847
		hkl_m_d_th2 3 3 4 4  2.034406     44.49837     I  0.1381012837
		hkl_m_d_th2 14 0 4 2  2.048192     44.18300     I  0.2950675487
		hkl_m_d_th2 5 1 8 4  2.040413     44.36037     I  0.01699835167
		hkl_m_d_th2 16 0 1 2  2.043378     44.29259     I  1.107897536
		hkl_m_d_th2 7 3 2 4  2.027397     44.66047     I  0.4322875086
		hkl_m_d_th2 15 -1 -3 4  2.038148     44.41230     I  0.07228584784
		hkl_m_d_th2 4 0 -9 2  2.026780     44.67480     I  0.02139754265
		hkl_m_d_th2 2 0 9 2  2.019036     44.85545     I  0.07445707718
		hkl_m_d_th2 15 1 2 4  2.025156     44.71256     I  0.2100136269
		hkl_m_d_th2 4 2 7 4  2.014404     44.96424     I  0.1152395515
		hkl_m_d_th2 5 -3 -4 4  2.005666     45.17091     I  0.01524753445
		hkl_m_d_th2 6 -2 -7 4  2.007831     45.11951     I  0.09710404639
		hkl_m_d_th2 12 2 3 4  2.010150     45.06461     I  0.194195548
		hkl_m_d_th2 7 -3 -3 4  2.001366     45.27335     I  0.005200770002
		hkl_m_d_th2 12 -2 -4 4  2.007584     45.12537     I  0.2174417846
		hkl_m_d_th2 16 0 -3 2  2.008873     45.09484     I  0.7413370177
		hkl_m_d_th2 10 0 7 2  1.995543     45.41282     I  0.03351707082
		hkl_m_d_th2 11 1 6 4  1.993733     45.45636     I  0.1432701807
		hkl_m_d_th2 9 1 7 4  1.989700     45.55367     I  0.1738160173
		hkl_m_d_th2 16 0 2 2  1.991737     45.50447     I  5.311758288
		hkl_m_d_th2 1 -3 -5 4  1.973742     45.94295     I  0.2644180693
		hkl_m_d_th2 12 0 6 2  1.986154     45.63957     I  1.616643515
		hkl_m_d_th2 12 0 -7 2  1.981565     45.75126     I  0.1646766504
		hkl_m_d_th2 9 3 0 4  1.971238     46.00466     I  5.101974038
		hkl_m_d_th2 5 3 4 4  1.968527     46.07168     I  0.04319016024
		hkl_m_d_th2 8 2 6 4  1.973668     45.94478     I  1.388220033
		hkl_m_d_th2 1 -1 -9 4  1.974113     45.93383     I  6.752255614
		hkl_m_d_th2 11 -1 -7 4  1.977092     45.86068     I  1.796987713
		hkl_m_d_th2 9 -3 -1 4  1.968179     46.08028     I  1.451351546e-007
		hkl_m_d_th2 1 3 5 4  1.964704     46.16649     I  1.009094947e-010
		hkl_m_d_th2 6 0 -9 2  1.971186     46.00595     I  0.1785866679
		hkl_m_d_th2 10 2 5 4  1.969961     46.03622     I  0.02506733491
		hkl_m_d_th2 7 3 3 4  1.962668     46.21717     I  0.1397241356
		hkl_m_d_th2 15 -1 -4 4  1.969912     46.03743     I  0.0992444396
		hkl_m_d_th2 3 -1 -9 4  1.962622     46.21831     I  0.05142301172
		hkl_m_d_th2 3 -3 -5 4  1.955143     46.40544     I  0.04635578242
		hkl_m_d_th2 14 -2 -1 4  1.963120     46.20592     I  1.09836563e-010
		hkl_m_d_th2 10 0 -8 2  1.962763     46.21480     I  0.05782704421
		hkl_m_d_th2 14 2 0 4  1.961672     46.24199     I  0.06360084383
		hkl_m_d_th2 1 1 9 4  1.957924     46.33567     I  0.01525064902
		hkl_m_d_th2 4 0 9 2  1.959352     46.29995     I  0.1034040127
		hkl_m_d_th2 9 3 1 4  1.952135     46.48113     I  0.02478994227
		hkl_m_d_th2 8 0 8 2  1.957671     46.34201     I  0.1373000002
		hkl_m_d_th2 13 -1 -6 4  1.956900     46.36134     I  0.002604791472
		hkl_m_d_th2 9 -3 -2 4  1.943262     46.70591     I  0.2150212855
		hkl_m_d_th2 15 1 3 4  1.953537     46.44581     I  0.03940390524
		hkl_m_d_th2 10 -2 -6 4  1.946672     46.61927     I  0.06322897344
		hkl_m_d_th2 13 1 5 4  1.950898     46.51234     I  0.001365425675
		hkl_m_d_th2 9 -1 -8 4  1.944027     46.68647     I  0.006782873922
		hkl_m_d_th2 14 0 -6 2  1.946787     46.61636     I  0.1302868909
		hkl_m_d_th2 14 -2 -2 4  1.942716     46.71982     I  0.2432411803
		hkl_m_d_th2 7 1 8 4  1.939626     46.79868     I  10.46124148
		hkl_m_d_th2 16 0 -4 2  1.944311     46.67922     I  0.3352661244
		hkl_m_d_th2 3 3 5 4  1.929134     47.06851     I  0.05711551654
		hkl_m_d_th2 14 2 1 4  1.938518     46.82704     I  0.007857187862
		hkl_m_d_th2 7 -3 -4 4  1.929801     47.05126     I  0.4082779691
		hkl_m_d_th2 6 2 7 4  1.931894     46.99723     I  0.1580627359
		hkl_m_d_th2 2 -2 -8 4  1.927804     47.10294     I  26.26638426
		hkl_m_d_th2 0 2 8 4  1.927266     47.11688     I  0.1709516793
		hkl_m_d_th2 14 0 5 2  1.931428     47.00925     I  0.002746077191
		hkl_m_d_th2 8 -2 -7 4  1.923789     47.20721     I  0.01196671672
		hkl_m_d_th2 5 -1 -9 4  1.924854     47.17951     I  0.03012482762
		hkl_m_d_th2 12 2 4 4  1.921517     47.26643     I  0.09654176097
		hkl_m_d_th2 12 -2 -5 4  1.918637     47.34171     I  0.3932138089
		hkl_m_d_th2 5 -3 -5 4  1.911152     47.53850     I  0.2135435259
		hkl_m_d_th2 9 3 2 4  1.912730     47.49688     I  0.019533041
		hkl_m_d_th2 3 1 9 4  1.916019     47.41034     I  0.07912298346
		hkl_m_d_th2 16 0 3 2  1.922647     47.23697     I  0.07762997252
		hkl_m_d_th2 4 -2 -8 4  1.902779     47.76067     I  0.056523971
		hkl_m_d_th2 2 2 8 4  1.901229     47.80205     I  0.1496041533
		hkl_m_d_th2 9 -3 -3 4  1.898877     47.86497     I  0.1106379988
		hkl_m_d_th2 14 -2 -3 4  1.902429     47.77003     I  0.06200716194
		hkl_m_d_th2 14 2 2 4  1.895870     47.94563     I  0.04415852157
		hkl_m_d_th2 8 0 -9 2  1.894695     47.97723     I  0.1422885297
		hkl_m_d_th2 7 3 4 4  1.883861     48.27065     I  0.06041031841
		hkl_m_d_th2 15 -1 -5 4  1.888058     48.15654     I  0.02995923527
		hkl_m_d_th2 6 0 9 2  1.880020     48.37557     I  0.02281574622
		hkl_m_d_th2 5 3 5 4  1.871136     48.62007     I  0.04450118598
		hkl_m_d_th2 17 -1 -1 4  1.882761     48.30065     I  0.1221030118
		hkl_m_d_th2 17 1 0 4  1.879124     48.40012     I  0.01701580409
		hkl_m_d_th2 1 -3 -6 4  1.861129     48.89855     I  0.316505156
		hkl_m_d_th2 7 -1 -9 4  1.865129     48.78685     I  0.04489128043
		hkl_m_d_th2 15 1 4 4  1.869564     48.66360     I  0.04811181357
		hkl_m_d_th2 9 3 3 4  1.856573     49.02642     I  0.6654051162
		hkl_m_d_th2 17 -1 -2 4  1.867047     48.73347     I  0.6549972494
		hkl_m_d_th2 16 0 -5 2  1.866251     48.75559     I  2.637435254e-007
		hkl_m_d_th2 1 3 6 4  1.852040     49.15436     I  0.0002969773249
		hkl_m_d_th2 6 -2 -8 4  1.855041     49.06959     I  0.1023759727
		hkl_m_d_th2 4 2 8 4  1.852648     49.13716     I  0.05761926603
		hkl_m_d_th2 3 -3 -6 4  1.847000     49.29741     I  0.276856401
		hkl_m_d_th2 5 1 9 4  1.853107     49.12420     I  0.1194281279
		hkl_m_d_th2 7 -3 -5 4  1.846664     49.30699     I  0.001762798139
		hkl_m_d_th2 2 0 -10 2  1.850577     49.19579     I  0.08132295415
		hkl_m_d_th2 10 2 6 4  1.849663     49.22172     I  0.2515921879
		hkl_m_d_th2 17 1 1 4  1.856466     49.02946     I  0.02464304217
		hkl_m_d_th2 11 3 0 4  1.845155     49.34999     I  0.1358805484
		hkl_m_d_th2 11 -3 -1 4  1.844129     49.37930     I  0.07095064104
		hkl_m_d_th2 11 1 7 4  1.849694     49.22086     I  0.08600623559
		hkl_m_d_th2 0 0 10 2  1.847111     49.29427     I  0.01763051797
		hkl_m_d_th2 14 -2 -4 4  1.845834     49.33063     I  0.09691932249
		hkl_m_d_th2 9 -3 -4 4  1.838898     49.52919     I  0.2066870472
		hkl_m_d_th2 12 0 7 2  1.842896     49.41455     I  1.230850408
		hkl_m_d_th2 18 0 -1 2  1.846533     49.31071     I  0.06229262518
		hkl_m_d_th2 8 2 7 4  1.835830     49.61754     I  0.0001597203757
		hkl_m_d_th2 12 0 -8 2  1.838666     49.53587     I  0.0003318574783
		hkl_m_d_th2 14 2 3 4  1.837461     49.57054     I  0.09674521279
		hkl_m_d_th2 16 0 4 2  1.841694     49.44894     I  4.814287303
		hkl_m_d_th2 13 -1 -7 4  1.837542     49.56820     I  2.323842536
		hkl_m_d_th2 18 0 0 2  1.842361     49.42985     I  2.253472902
		hkl_m_d_th2 11 -1 -8 4  1.834359     49.66003     I  0.2865234278
		hkl_m_d_th2 11 3 1 4  1.828012     49.84419     I  0.3987117831
		hkl_m_d_th2 4 0 -10 2  1.831308     49.74838     I  0.1551101975
		hkl_m_d_th2 10 0 8 2  1.833551     49.68340     I  0.4544079397
		hkl_m_d_th2 11 -3 -2 4  1.825022     49.93144     I  0.2323500335
		hkl_m_d_th2 9 1 8 4  1.829740     49.79391     I  0.2762558628
		hkl_m_d_th2 13 1 6 4  1.831671     49.73786     I  0.3342708308
		hkl_m_d_th2 10 -2 -7 4  1.826897     49.87668     I  0.02272024165
		hkl_m_d_th2 17 -1 -3 4  1.833385     49.68820     I  0.01097418509
		hkl_m_d_th2 3 3 6 4  1.820725     50.05740     I  0.01121386019
		hkl_m_d_th2 14 0 -7 2  1.829886     49.78967     I  9.036108608
		hkl_m_d_th2 12 2 5 4  1.825563     49.91563     I  0.0001167733377
		hkl_m_d_th2 18 0 -2 2  1.832429     49.71588     I  0.02560357895
		hkl_m_d_th2 12 -2 -6 4  1.822545     50.00397     I  6.552100959
		hkl_m_d_th2 2 0 10 2  1.821284     50.04097     I  3.471916936
		hkl_m_d_th2 5 -3 -6 4  1.811184     50.33942     I  0.1664046661
		hkl_m_d_th2 18 0 1 2  1.820277     50.07055     I  0.0771566777
		hkl_m_d_th2 17 1 2 4  1.816772     50.17383     I  0.01332226176
		hkl_m_d_th2 14 0 6 2  1.814820     50.23154     I  0.03234852124
		hkl_m_d_th2 10 0 -9 2  1.804703     50.53287     I  0.03077668517
		hkl_m_d_th2 7 3 5 4  1.796602     50.77688     I  0.1089178314
		hkl_m_d_th2 11 3 2 4  1.794167     50.85068     I  0.06585857436
		hkl_m_d_th2 15 -1 -6 4  1.798335     50.72445     I  0.5204405859
		hkl_m_d_th2 18 0 -3 2  1.801266     50.63610     I  0.03391649717
		hkl_m_d_th2 11 -3 -3 4  1.789462     50.99394     I  0.2212667059
		hkl_m_d_th2 9 3 4 4  1.788093     51.03578     I  0.5327873878
		hkl_m_d_th2 8 -2 -8 4  1.789510     50.99248     I  0.5345139492
		hkl_m_d_th2 1 -1 -10 4  1.790139     50.97329     I  0.5544369724
		hkl_m_d_th2 6 0 -10 2  1.791348     50.93643     I  0.2498260525
		hkl_m_d_th2 9 -1 -9 4  1.789427     50.99501     I  0.2337054433
		hkl_m_d_th2 6 2 8 4  1.786504     51.08444     I  0.08498232091
		hkl_m_d_th2 8 0 9 2  1.788430     51.02550     I  0.2948319897
		hkl_m_d_th2 3 -1 -10 4  1.782897     51.19526     I  0.06247932403
		hkl_m_d_th2 16 -2 -1 4  1.785811     51.10570     I  0.08004962346
		hkl_m_d_th2 16 2 0 4  1.783378     51.18048     I  0.03580729134
		hkl_m_d_th2 17 -1 -4 4  1.784586     51.14331     I  0.0716928462
		hkl_m_d_th2 1 1 10 4  1.776712     51.38645     I  0.06797374869
		hkl_m_d_th2 14 -2 -5 4  1.777320     51.36760     I  0.07993724541
		hkl_m_d_th2 5 3 6 4  1.770411     51.58276     I  0.07627382829
		hkl_m_d_th2 4 0 10 2  1.775787     51.41518     I  0.0367944258
		hkl_m_d_th2 18 0 2 2  1.782144     51.21846     I  0.2119530695
		hkl_m_d_th2 2 -2 -9 4  1.772123     51.52927     I  0.337609578
		hkl_m_d_th2 7 1 9 4  1.775302     51.43023     I  0.02726564138
		hkl_m_d_th2 16 0 -6 2  1.780129     51.28065     I  0.01088335778
		hkl_m_d_th2 15 1 5 4  1.778834     51.32069     I  0.0457466219
		hkl_m_d_th2 0 2 9 4  1.770390     51.58342     I  0.02016675007
		hkl_m_d_th2 9 -3 -5 4  1.767847     51.66309     I  0.0192323072
		hkl_m_d_th2 16 -2 -2 4  1.771726     51.54165     I  0.03883336146
		hkl_m_d_th2 14 2 4 4  1.767722     51.66701     I  108.7472451
		hkl_m_d_th2 7 -3 -6 4  1.757296     51.99637     I  0.1229643682
		hkl_m_d_th2 16 2 1 4  1.764624     51.76441     I  0.004536104398
		hkl_m_d_th2 0 4 0 2  1.749895     52.23287     I  59.13008475
		hkl_m_d_th2 17 1 3 4  1.763231     51.80835     I  0.004019892088
		hkl_m_d_th2 4 -2 -9 4  1.753901     52.10458     I  0.03270617564
		hkl_m_d_th2 5 -1 -10 4  1.755721     52.04653     I  0.2487942404
		hkl_m_d_th2 1 -3 -7 4  1.749904     52.23256     I  0.11318375
		hkl_m_d_th2 0 4 1 4  1.742095     52.48454     I  0.1048265541
		hkl_m_d_th2 2 2 9 4  1.748876     52.26561     I  0.1111783528
		hkl_m_d_th2 2 4 0 4  1.740231     52.54505     I  0.1116576012
		hkl_m_d_th2 11 3 3 4  1.746313     52.34812     I  0.03871696879
		hkl_m_d_th2 18 0 -4 2  1.755563     52.05156     I  0.001400382677
		hkl_m_d_th2 16 0 5 2  1.754138     52.09700     I  0.08750563871
		hkl_m_d_th2 1 3 7 4  1.741092     52.51706     I  0.137045502
		hkl_m_d_th2 3 -3 -7 4  1.739389     52.57243     I  0.4727510271
		hkl_m_d_th2 3 1 10 4  1.743965     52.42398     I  0.0953128382
		hkl_m_d_th2 2 -4 -1 4  1.733791     52.75525     I  0.07898915548
		hkl_m_d_th2 11 -3 -4 4  1.740247     52.54452     I  0.1541205013
		hkl_m_d_th2 2 4 1 4  1.731329     52.83609     I  0.07981043876
		hkl_m_d_th2 16 -2 -3 4  1.742258     52.47924     I  0.09626843228
		hkl_m_d_th2 10 2 7 4  1.733541     52.76345     I  0.06120954672
		hkl_m_d_th2 8 0 -10 2  1.734594     52.72896     I  0.2079800093
		hkl_m_d_th2 0 4 2 4  1.719305     53.23455     I  0.09260116393
		hkl_m_d_th2 16 2 2 4  1.731044     52.84545     I  0.1127894747
		hkl_m_d_th2 12 2 6 4  1.727376     52.96641     I  0.3516137085
		hkl_m_d_th2 18 0 3 2  1.730908     52.84991     I  0.2045568136
		hkl_m_d_th2 12 -2 -7 4  1.724354     53.06646     I  0.1503088981
		hkl_m_d_th2 13 -3 -1 4  1.722040     53.14338     I  0.1742334581
		hkl_m_d_th2 13 3 0 4  1.721666     53.15581     I  0.05662276116
		hkl_m_d_th2 2 -4 -2 4  1.712509     53.46255     I  0.05652990378
		hkl_m_d_th2 4 4 0 4  1.712172     53.47393     I  0.186580103
		hkl_m_d_th2 13 -1 -8 4  1.722483     53.12863     I  0.03959059336
		hkl_m_d_th2 6 -2 -9 4  1.717502     53.29486     I  0.01384263747
		hkl_m_d_th2 17 -1 -5 4  1.724263     53.06950     I  0.07133972912
		hkl_m_d_th2 3 3 7 4  1.713805     53.41892     I  0.873138657
		hkl_m_d_th2 2 4 2 4  1.707774     53.62264     I  0.02108094748
		hkl_m_d_th2 4 -4 -1 4  1.707214     53.64163     I  1.065694785e-010
		hkl_m_d_th2 11 1 8 4  1.717895     53.28171     I  1.076873327e-010
		hkl_m_d_th2 5 -3 -7 4  1.710561     53.52831     I  0.2584448868
		hkl_m_d_th2 9 3 5 4  1.711778     53.48720     I  0.1981190659
		hkl_m_d_th2 6 0 10 2  1.714894     53.38231     I  0.1817610651
		hkl_m_d_th2 13 1 7 4  1.716903     53.31491     I  0.01021065396
		hkl_m_d_th2 14 0 -8 2  1.716771     53.31935     I  0.04511587001
		hkl_m_d_th2 10 -2 -8 4  1.711922     53.48237     I  0.1167840054
		hkl_m_d_th2 4 2 9 4  1.709657     53.55887     I  0.6400162227
		hkl_m_d_th2 4 4 1 4  1.702522     53.80136     I  0.1728585215
		hkl_m_d_th2 7 -1 -10 4  1.711228     53.50578     I  0.04029230258
		hkl_m_d_th2 7 3 6 4  1.705708     53.69278     I  0.1442366421
		hkl_m_d_th2 13 -3 -2 4  1.707629     53.62756     I  0.1083857738
		hkl_m_d_th2 8 2 8 4  1.708540     53.59668     I  0.1415404064
		hkl_m_d_th2 12 0 8 2  1.711851     53.48476     I  0.1993996801
		hkl_m_d_th2 13 3 1 4  1.706537     53.66461     I  1.110933978e-010
		hkl_m_d_th2 12 0 -9 2  1.708008     53.61470     I  0.08245472661
		hkl_m_d_th2 11 -1 -9 4  1.703968     53.75201     I  0.1354329471
		hkl_m_d_th2 15 -1 -7 4  1.705567     53.69760     I  0.2561229497
		hkl_m_d_th2 14 -2 -6 4  1.701290     53.84346     I  0.3067114213
		hkl_m_d_th2 14 0 7 2  1.702418     53.80491     I  0.6705872896
		hkl_m_d_th2 16 -2 -4 4  1.699637     53.90005     I  0.6560199506
		hkl_m_d_th2 4 -4 -2 4  1.688022     54.30130     I  0.08369293576
		hkl_m_d_th2 5 1 10 4  1.694970     54.06054     I  0.4530512196
		hkl_m_d_th2 17 1 4 4  1.699585     53.90183     I  0.1640796222
		hkl_m_d_th2 9 -3 -6 4  1.690112     54.22866     I  0.8205471121
		hkl_m_d_th2 18 0 -5 2  1.698622     53.93489     I  1.68486592
		hkl_m_d_th2 0 4 3 4  1.683233     54.46857     I  0.08420037548
		hkl_m_d_th2 19 -1 -1 4  1.697355     53.97841     I  0.01444488757
		hkl_m_d_th2 11 3 4 4  1.687823     54.30824     I  0.1348678637
		hkl_m_d_th2 14 2 5 4  1.691011     54.19745     I  2.29240398
		hkl_m_d_th2 10 0 9 2  1.691169     54.19198     I  0.3311168464
		hkl_m_d_th2 4 4 2 4  1.678987     54.61778     I  0.0001056455376
		hkl_m_d_th2 9 1 9 4  1.688747     54.27608     I  0.003448696802
		hkl_m_d_th2 19 1 0 4  1.693537     54.11000     I  0.05051144367
		hkl_m_d_th2 2 -4 -3 4  1.677971     54.65359     I  0.251983519
		hkl_m_d_th2 16 0 -7 2  1.690583     54.21230     I  4.251304581e-008
		hkl_m_d_th2 11 -3 -5 4  1.680789     54.55435     I  0.001310140012
		hkl_m_d_th2 2 0 -11 2  1.682922     54.47947     I  0.02651134712
		hkl_m_d_th2 16 2 3 4  1.685108     54.40294     I  0.3713808392
		hkl_m_d_th2 15 1 6 4  1.685926     54.37439     I  0.1017420054
		hkl_m_d_th2 13 -3 -3 4  1.679514     54.59922     I  0.06246563829
		hkl_m_d_th2 19 -1 -2 4  1.686949     54.33869     I  0.01501379259
		hkl_m_d_th2 2 4 3 4  1.671301     54.89003     I  0.04752593239
		hkl_m_d_th2 13 3 2 4  1.677784     54.66021     I  0.0806780837
		hkl_m_d_th2 0 0 11 2  1.679192     54.61056     I  0.1069819792
		hkl_m_d_th2 6 4 0 4  1.668279     54.99787     I  0.1445328731
		hkl_m_d_th2 5 3 7 4  1.670543     54.91705     I  0.05263775772
		hkl_m_d_th2 6 -4 -1 4  1.664783     55.12317     I  0.04432450013
		hkl_m_d_th2 7 -3 -7 4  1.666041     55.07802     I  0.04020009113
		hkl_m_d_th2 19 1 1 4  1.675780     54.73104     I  0.08692995086
		hkl_m_d_th2 4 0 -11 2  1.669491     54.95457     I  0.4700816634
		hkl_m_d_th2 8 -2 -9 4  1.666194     55.07251     I  0.4744490878
		hkl_m_d_th2 6 4 1 4  1.658268     55.35827     I  0.8455368597
		hkl_m_d_th2 4 -4 -3 4  1.655990     55.44096     I  0.03481422693
		hkl_m_d_th2 10 0 -10 2  1.665841     55.08520     I  0.1306204774
		hkl_m_d_th2 18 0 4 2  1.670030     54.93532     I  0.02456588005
		hkl_m_d_th2 16 0 6 2  1.664311     55.14015     I  0.0591691938
		hkl_m_d_th2 2 0 11 2  1.658636     55.34494     I  7.050825073e-005
		hkl_m_d_th2 6 2 9 4  1.656188     55.43377     I  0.1673671366
		hkl_m_d_th2 19 -1 -3 4  1.663084     55.18429     I  0.03312807116
		hkl_m_d_th2 6 -4 -2 4  1.648031     55.73198     I  0.2792796637
		hkl_m_d_th2 20 0 -1 2  1.662251     55.21430     I  0.06624387287
		hkl_m_d_th2 9 -1 -10 4  1.653269     55.54009     I  0.03916150531
		hkl_m_d_th2 17 -1 -6 4  1.656192     55.43363     I  6.429884793e-008
		hkl_m_d_th2 4 4 3 4  1.643239     55.90870     I  0.03348155577
		hkl_m_d_th2 20 0 0 2  1.658125     55.36346     I  0.2179820242
		hkl_m_d_th2 1 -3 -8 4  1.643336     55.90512     I  0.1491681597
		hkl_m_d_th2 20 0 -2 2  1.653008     55.54964     I  0.6646121255
		hkl_m_d_th2 0 4 4 4  1.636344     56.16511     I  0.01833081235
		hkl_m_d_th2 16 -2 -5 4  1.646752     55.77904     I  0.01809403459
		hkl_m_d_th2 6 4 2 4  1.635461     56.19812     I  1.297540401
		hkl_m_d_th2 8 0 10 2  1.643477     55.89991     I  0.05907364587
		hkl_m_d_th2 13 -3 -4 4  1.639667     56.04122     I  9.596993394
		hkl_m_d_th2 2 -4 -4 4  1.632538     56.30770     I  0.001389006149
		hkl_m_d_th2 3 -3 -8 4  1.635653     56.19094     I  0.000953052231
		hkl_m_d_th2 6 0 -11 2  1.640091     56.02547     I  0.003243741291
		hkl_m_d_th2 1 3 8 4  1.634996     56.21553     I  0.9392749015
		hkl_m_d_th2 19 1 2 4  1.645356     55.83048     I  2.230283304
		hkl_m_d_th2 13 3 3 4  1.637415     56.12513     I  0.474557701
		hkl_m_d_th2 2 -2 -10 4  1.635953     56.17972     I  0.2656810315
		hkl_m_d_th2 1 -1 -11 4  1.636563     56.15693     I  0.2508173021
		hkl_m_d_th2 0 2 10 4  1.633557     56.26947     I  0.1352718216
		hkl_m_d_th2 9 3 6 4  1.631587     56.34345     I  0.2627231743
		hkl_m_d_th2 20 0 1 2  1.640924     55.99453     I  0.2079103068
		hkl_m_d_th2 7 1 10 4  1.633788     56.26077     I  0.1361887831
		hkl_m_d_th2 3 -1 -11 4  1.632053     56.32595     I  0.1655433963
		hkl_m_d_th2 2 4 4 4  1.624360     56.61666     I  0.7052938391
		hkl_m_d_th2 12 2 7 4  1.630639     56.37913     I  10.06162055
		hkl_m_d_th2 18 -2 -1 4  1.633157     56.28445     I  20.48509562
		hkl_m_d_th2 18 0 -6 2  1.633946     56.25485     I  1.026038095
		hkl_m_d_th2 12 -2 -8 4  1.627707     56.48981     I  0.4204841517
		hkl_m_d_th2 16 2 4 4  1.629807     56.41051     I  0.1224245429
		hkl_m_d_th2 18 2 0 4  1.630269     56.39309     I  0.007113888417
		hkl_m_d_th2 6 -4 -3 4  1.619186     56.81398     I  1.009094947e-010
		hkl_m_d_th2 1 1 11 4  1.625268     56.58220     I  1.059543231e-010
		hkl_m_d_th2 17 1 5 4  1.629536     56.42070     I  4.606753179
		hkl_m_d_th2 11 3 5 4  1.622184     56.69950     I  44.89189469
		hkl_m_d_th2 4 -2 -10 4  1.622595     56.68381     I  13.3473902
		hkl_m_d_th2 10 2 8 4  1.624155     56.62447     I  1.03933587e-010
		hkl_m_d_th2 20 0 -3 2  1.631049     56.36371     I  1.009094947e-010
		hkl_m_d_th2 4 0 11 2  1.623039     56.66691     I  0.4589357103
		hkl_m_d_th2 19 -1 -4 4  1.627421     56.50060     I  0.000127795929
		hkl_m_d_th2 4 -4 -4 4  1.613266     57.04153     I  2.702839683
		hkl_m_d_th2 14 -2 -7 4  1.621606     56.72152     I  0.06658668649
		hkl_m_d_th2 18 -2 -2 4  1.623375     56.65413     I  1.009094947e-010
		hkl_m_d_th2 8 4 0 4  1.612138     57.08511     I  0.03733196584
		hkl_m_d_th2 7 3 7 4  1.614861     56.98005     I  0.2070359777
		hkl_m_d_th2 2 2 10 4  1.615611     56.95120     I  0.1558134672
		hkl_m_d_th2 11 -3 -6 4  1.614557     56.99176     I  0.1907691308
		hkl_m_d_th2 8 -4 -1 4  1.609970     57.16908     I  0.4583278245
		hkl_m_d_th2 5 -3 -8 4  1.612604     57.06711     I  0.04076523812
		hkl_m_d_th2 3 3 8 4  1.611345     57.11578     I  0.4558702784
		hkl_m_d_th2 9 -3 -7 4  1.609444     57.18947     I  0.07123775754
		hkl_m_d_th2 5 -1 -11 4  1.612120     57.08580     I  0.3018730393
		hkl_m_d_th2 13 -1 -9 4  1.614171     57.00663     I  0.01302913211
		hkl_m_d_th2 18 2 1 4  1.614908     56.97825     I  6.387825491e-006
		hkl_m_d_th2 15 -1 -8 4  1.613365     57.03772     I  0.1554563544
		hkl_m_d_th2 14 2 6 4  1.611093     57.12554     I  0.3718384761
		hkl_m_d_th2 8 4 1 4  1.602125     57.47503     I  0.4361775877
		hkl_m_d_th2 6 4 3 4  1.601396     57.50363     I  1.009094947e-010
		hkl_m_d_th2 14 0 -9 2  1.609961     57.16942     I  0.03708731677
		hkl_m_d_th2 15 -3 -1 4  1.606092     57.31990     I  0.1737265874
		hkl_m_d_th2 13 1 8 4  1.608967     57.20801     I  2.247565391e-010
		hkl_m_d_th2 15 3 0 4  1.604809     57.36995     I  0.0998470609
		hkl_m_d_th2 20 0 2 2  1.611832     57.09695     I  0.1227922208
		hkl_m_d_th2 4 4 4 4  1.597595     57.65326     I  0.153799469
		hkl_m_d_th2 10 -2 -9 4  1.604003     57.40149     I  0.141644942
		hkl_m_d_th2 8 -4 -2 4  1.595765     57.72563     I  0.1556936008
		hkl_m_d_th2 3 1 11 4  1.599119     57.59317     I  0.3110954171
		hkl_m_d_th2 19 1 3 4  1.604291     57.39021     I  0.2111027514
		hkl_m_d_th2 18 -2 -3 4  1.601588     57.49610     I  0.1433322152
		hkl_m_d_th2 18 0 5 2  1.602945     57.44289     I  0.00443224895
		hkl_m_d_th2 16 0 -8 2  1.601151     57.51327     I  0.1778787366
		hkl_m_d_th2 11 1 9 4  1.598660     57.61127     I  0.364645471
		hkl_m_d_th2 8 0 -11 2  1.597163     57.67032     I  0.1931667445
		hkl_m_d_th2 6 -2 -10 4  1.594604     57.77160     I  0.06607876202
		hkl_m_d_th2 15 -3 -2 4  1.595341     57.74239     I  0.03136665072
		hkl_m_d_th2 8 2 9 4  1.592545     57.85337     I  0.1156538078
		hkl_m_d_th2 14 0 8 2  1.596545     57.69474     I  0.6322553865
		hkl_m_d_th2 13 -3 -5 4  1.590601     57.93075     I  0.3587991606
		hkl_m_d_th2 15 3 1 4  1.591580     57.89175     I  1.640375818
		hkl_m_d_th2 20 0 -4 2  1.597849     57.64324     I  0.02608312272
		hkl_m_d_th2 15 1 7 4  1.594193     57.78788     I  0.08892207598
		hkl_m_d_th2 12 0 9 2  1.593307     57.82308     I  0.007683565823
		hkl_m_d_th2 13 3 4 4  1.587959     58.03633     I  0.214521374
		hkl_m_d_th2 0 4 5 4  1.581446     58.29827     I  0.1385040903
		hkl_m_d_th2 12 0 -10 2  1.589843     57.96099     I  0.0727578443
		hkl_m_d_th2 6 -4 -4 4  1.580114     58.35217     I  0.09822521081
		hkl_m_d_th2 8 4 2 4  1.580593     58.33276     I  0.07973497063
		hkl_m_d_th2 2 -4 -5 4  1.578941     58.39972     I  0.02730050403
		hkl_m_d_th2 4 2 10 4  1.583598     58.21145     I  0.006339335093
		hkl_m_d_th2 11 -1 -10 4  1.586111     58.11038     I  0.08698520568
		hkl_m_d_th2 18 2 2 4  1.588102     58.03061     I  0.2660480523
		hkl_m_d_th2 16 -2 -6 4  1.586675     58.08776     I  0.1865689309
		hkl_m_d_th2 17 -1 -7 4  1.583820     58.20250     I  0.1559369122
		hkl_m_d_th2 7 -3 -8 4  1.576067     58.51650     I  0.2964224301
		hkl_m_d_th2 7 -1 -11 4  1.578401     58.42161     I  1.088382608
		hkl_m_d_th2 5 3 8 4  1.574306     58.58834     I  0.1021542344
		hkl_m_d_th2 19 -1 -5 4  1.582220     58.26702     I  0.2338766382
		hkl_m_d_th2 2 4 5 4  1.569704     58.77690     I  0.05066334804
		hkl_m_d_th2 8 -4 -3 4  1.570452     58.74618     I  0.2184226043
		hkl_m_d_th2 6 0 11 2  1.575228     58.55070     I  0.001245142455
		hkl_m_d_th2 15 -3 -3 4  1.573265     58.63089     I  0.001158112056
		hkl_m_d_th2 16 0 7 2  1.575418     58.54296     I  0.7769542018
		hkl_m_d_th2 4 -4 -5 4  1.562387     59.07936     I  0.05566316077
		hkl_m_d_th2 15 3 2 4  1.567266     58.87733     I  0.1495006214
		hkl_m_d_th2 20 0 3 2  1.572708     58.65369     I  0.03964474031
		hkl_m_d_th2 18 -2 -4 4  1.569205     58.79742     I  0.1161640766
		hkl_m_d_th2 16 2 5 4  1.568188     58.83932     I  0.133207281
		hkl_m_d_th2 6 4 4 4  1.558167     59.25535     I  0.05113885257
		hkl_m_d_th2 10 0 10 2  1.566137     58.92396     I  0.1475000331
		hkl_m_d_th2 9 1 10 4  1.564666     58.98482     I  0.03049681158
		hkl_m_d_th2 5 1 11 4  1.560194     59.17070     I  2.112024348
		hkl_m_d_th2 18 0 -7 2  1.564785     58.97989     I  0.03421848936
		hkl_m_d_th2 8 -2 -10 4  1.554176     59.42274     I  0.3729165412
		hkl_m_d_th2 8 4 3 4  1.548899     59.64564     I  0.1825794814
		hkl_m_d_th2 11 3 6 4  1.552565     59.49063     I  0.2013308299
		hkl_m_d_th2 9 3 7 4  1.550658     59.57117     I  0.09793004684
		hkl_m_d_th2 10 4 0 4  1.547647     59.69879     I  0.1096658202
		hkl_m_d_th2 17 1 6 4  1.556323     59.33255     I  0.03834432442
		hkl_m_d_th2 10 -4 -1 4  1.546603     59.74318     I  0.09290964966
		hkl_m_d_th2 4 4 5 4  1.544639     59.82692     I  5.812057854e-009
		hkl_m_d_th2 19 1 4 4  1.555015     59.38748     I  0.08163755548
		hkl_m_d_th2 20 0 -5 2  1.555449     59.36924     I  0.09801342869
		hkl_m_d_th2 18 2 3 4  1.551524     59.53457     I  0.06215774849
		hkl_m_d_th2 1 -3 -9 4  1.543246     59.88644     I  0.3963479515
		hkl_m_d_th2 11 -3 -7 4  1.544668     59.82569     I  0.1097986085
		hkl_m_d_th2 10 4 1 4  1.537920     60.11515     I  0.3915546384
		hkl_m_d_th2 2 0 -12 2  1.543000     59.89697     I  0.07009849709
		hkl_m_d_th2 10 0 -11 2  1.543878     59.85942     I  0.2209590313
		hkl_m_d_th2 15 -3 -4 4  1.541236     59.97253     I  0.1532408415
		hkl_m_d_th2 8 -4 -4 4  1.535583     60.21612     I  10.12870753
		hkl_m_d_th2 3 -3 -9 4  1.537737     60.12303     I  15.67102144
		hkl_m_d_th2 6 2 10 4  1.539959     60.02738     I  12.20270243
		hkl_m_d_th2 14 -2 -8 4  1.541317     59.96905     I  0.1476696412
		hkl_m_d_th2 10 -4 -2 4  1.534853     60.24772     I  0.1005765195
		hkl_m_d_th2 6 -4 -5 4  1.533068     60.32512     I  22.29755149
		hkl_m_d_th2 1 3 9 4  1.535475     60.22079     I  0.1225458029
		hkl_m_d_th2 0 0 12 2  1.539259     60.05748     I  0.1100793447
		hkl_m_d_th2 21 -1 -1 4  1.544191     59.84602     I  0.5972195976
		hkl_m_d_th2 12 2 8 4  1.537754     60.12232     I  0.1917802126
		hkl_m_d_th2 13 -3 -6 4  1.534980     60.24219     I  3.68846312e-010
		hkl_m_d_th2 12 -2 -9 4  1.534967     60.24278     I  1.009094947e-010
		hkl_m_d_th2 21 1 0 4  1.540449     60.00630     I  0.1867607014
		hkl_m_d_th2 15 3 3 4  1.533356     60.31263     I  0.1725976039
		hkl_m_d_th2 4 0 -12 2  1.533481     60.30720     I  0.002976455764
		hkl_m_d_th2 13 3 5 4  1.532079     60.36815     I  0.02964764212
		hkl_m_d_th2 9 -1 -11 4  1.533427     60.30953     I  0.1199770553
		hkl_m_d_th2 9 -3 -8 4  1.528744     60.51359     I  0.2856983283
		hkl_m_d_th2 21 -1 -2 4  1.537203     60.14610     I  1.009094947e-010
		hkl_m_d_th2 14 2 7 4  1.530905     60.41923     I  0.01303040922
		hkl_m_d_th2 7 3 8 4  1.526601     60.60743     I  0.180102577
		hkl_m_d_th2 0 4 6 4  1.521301     60.84090     I  4.039334768
		hkl_m_d_th2 18 0 6 2  1.532681     60.34194     I  1.453475123
		hkl_m_d_th2 2 -4 -6 4  1.519901     60.90290     I  2.466325739e-007
		hkl_m_d_th2 19 -1 -6 4  1.529981     60.45956     I  0.05635399683
		hkl_m_d_th2 18 -2 -5 4  1.528143     60.53988     I  1.009094947e-010
		hkl_m_d_th2 10 4 2 4  1.518016     60.98657     I  1.545402146e-010
		hkl_m_d_th2 5 -3 -9 4  1.519368     60.92655     I  1.650789786e-010
		hkl_m_d_th2 10 2 9 4  1.522710     60.77867     I  3.704456432
		hkl_m_d_th2 2 0 12 2  1.522543     60.78601     I  4.633576875
		hkl_m_d_th2 15 -1 -9 4  1.524178     60.71395     I  1.209695945
		hkl_m_d_th2 16 -2 -7 4  1.522282     60.79755     I  0.0611674034
		hkl_m_d_th2 21 1 1 4  1.526207     60.62475     I  0.1193124316
		hkl_m_d_th2 20 0 4 2  1.525782     60.64341     I  2.266721874
		hkl_m_d_th2 3 3 9 4  1.515011     61.12044     I  3.289265744e-009
		hkl_m_d_th2 2 -2 -11 4  1.516682     61.04595     I  0.05139050198
		hkl_m_d_th2 10 -4 -3 4  1.513109     61.20554     I  0.2970973906
		hkl_m_d_th2 8 0 11 2  1.518510     60.96462     I  0.1002700344
		hkl_m_d_th2 2 4 6 4  1.510024     61.34404     I  0.09173311079
		hkl_m_d_th2 0 2 11 4  1.513949     61.16792     I  0.04383420505
		hkl_m_d_th2 8 4 4 4  1.508868     61.39612     I  0.1272358181
		hkl_m_d_th2 21 -1 -3 4  1.519911     60.90246     I  4.07391928
		hkl_m_d_th2 6 4 5 4  1.508104     61.43059     I  0.8915416295
		hkl_m_d_th2 4 -4 -6 4  1.505927     61.52905     I  0.8850799477
		hkl_m_d_th2 13 -1 -10 4  1.513749     61.17690     I  0.1838745673
		hkl_m_d_th2 6 0 -12 2  1.511420     61.28130     I  0.1974898753
		hkl_m_d_th2 16 0 -9 2  1.514277     61.15325     I  0.2727720973
		hkl_m_d_th2 7 1 11 4  1.511266     61.28820     I  0.01861451971
		hkl_m_d_th2 4 -2 -11 4  1.506828     61.48824     I  0.03334614344
		hkl_m_d_th2 14 0 -10 2  1.510683     61.31443     I  0.1212286356
		hkl_m_d_th2 1 -1 -12 4  1.506630     61.49723     I  0.4494834565
		hkl_m_d_th2 13 1 9 4  1.508951     61.39239     I  0.1184139875
		hkl_m_d_th2 17 -1 -8 4  1.509982     61.34592     I  0.1269652127
		hkl_m_d_th2 22 0 -1 2  1.511301     61.28665     I  0.04482770794
		hkl_m_d_th2 10 -2 -10 4  1.504143     61.60997     I  0.8376355751
		hkl_m_d_th2 3 -1 -12 4  1.503912     61.62043     I  0.4465281577
		hkl_m_d_th2 18 2 4 4  1.507225     61.47030     I  0.02050688402
		hkl_m_d_th2 15 1 8 4  1.505861     61.53201     I  0.119697358
		hkl_m_d_th2 15 -3 -5 4  1.501074     61.74968     I  0.03314440419
		hkl_m_d_th2 16 2 6 4  1.503016     61.66119     I  0.00201364234
		hkl_m_d_th2 20 0 -6 2  1.506139     61.51942     I  0.02095615676
		hkl_m_d_th2 22 0 0 2  1.507386     61.46301     I  0.004079546215
		hkl_m_d_th2 2 2 11 4  1.498833     61.85218     I  0.04472618587
		hkl_m_d_th2 22 0 -2 2  1.505150     61.56424     I  0.05071370232
		hkl_m_d_th2 8 -4 -5 4  1.493085     62.11666     I  0.0001177338806
		hkl_m_d_th2 17 -3 -1 4  1.498409     61.87162     I  1.262702849
		hkl_m_d_th2 20 -2 -1 4  1.501499     61.73033     I  2.12620549
		hkl_m_d_th2 1 1 12 4  1.497008     61.93589     I  0.2993792755
		hkl_m_d_th2 21 1 2 4  1.502314     61.69316     I  0.02119464577
		hkl_m_d_th2 17 3 0 4  1.496573     61.95587     I  0.08128137792
		hkl_m_d_th2 14 0 9 2  1.498292     61.87695     I  1.581083507e-006
		hkl_m_d_th2 19 1 5 4  1.500026     61.79759     I  0.09757789787
		hkl_m_d_th2 20 2 0 4  1.498456     61.86946     I  0.9949506008
		hkl_m_d_th2 10 4 3 4  1.489092     62.30180     I  0.03803447942
		hkl_m_d_th2 4 0 12 2  1.494080     62.07069     I  0.2647995535
		hkl_m_d_th2 4 4 6 4  1.486892     62.40432     I  0.07092182336
		hkl_m_d_th2 7 -3 -9 4  1.489474     62.28402     I  0.001105057465
		hkl_m_d_th2 15 3 4 4  1.491730     62.17933     I  0.524954234
		hkl_m_d_th2 20 -2 -2 4  1.494676     62.04321     I  40.2215476
		hkl_m_d_th2 17 -3 -2 4  1.490451     62.23867     I  0.3712992878
		hkl_m_d_th2 11 1 10 4  1.491420     62.19371     I  0.03214896573
		hkl_m_d_th2 18 0 -8 2  1.493855     62.08109     I  0.1007182738
		hkl_m_d_th2 5 -1 -12 4  1.489054     62.30356     I  0.1121225293
		hkl_m_d_th2 8 2 10 4  1.487619     62.37041     I  0.006363681991
		hkl_m_d_th2 21 -1 -4 4  1.493332     62.10522     I  52.75505765
		hkl_m_d_th2 10 -4 -4 4  1.482618     62.60449     I  1.23305959
		hkl_m_d_th2 22 0 1 2  1.493639     62.09106     I  0.2898481191
		hkl_m_d_th2 5 3 9 4  1.483330     62.57105     I  0.3261701854
		hkl_m_d_th2 6 -2 -11 4  1.485106     62.48779     I  2.41798737
		hkl_m_d_th2 6 -4 -6 4  1.480388     62.70948     I  46.01927283
		hkl_m_d_th2 16 0 8 2  1.489616     62.27744     I  15.38027001
		hkl_m_d_th2 17 3 1 4  1.485051     62.49037     I  4.595588468e-005
		hkl_m_d_th2 12 0 10 2  1.486682     62.41413     I  3.136258968e-006
		hkl_m_d_th2 11 3 7 4  1.481578     62.65342     I  0.3240453278
		hkl_m_d_th2 22 0 -3 2  1.489297     62.29224     I  0.5055776583
		hkl_m_d_th2 12 4 0 4  1.478429     62.80203     I  1.327863925
		hkl_m_d_th2 12 -4 -1 4  1.478283     62.80894     I  26.14032526
		hkl_m_d_th2 20 2 1 4  1.485725     62.45885     I  6.71964931
		hkl_m_d_th2 12 0 -11 2  1.483572     62.55971     I  1.077075508e-006
		hkl_m_d_th2 11 -1 -11 4  1.480154     62.72053     I  0.02808405942
		hkl_m_d_th2 17 1 7 4  1.482524     62.60893     I  2.295851902
		hkl_m_d_th2 18 -2 -6 4  1.480539     62.70234     I  0.001680017884
		hkl_m_d_th2 8 0 -12 2  1.478389     62.80389     I  0.1843987138
		hkl_m_d_th2 13 -3 -7 4  1.475311     62.94990     I  0.07507887991
		hkl_m_d_th2 3 1 12 4  1.475738     62.92961     I  1.514425767
		hkl_m_d_th2 11 -3 -8 4  1.473662     63.02842     I  2.413759853
		hkl_m_d_th2 20 -2 -3 4  1.478383     62.80422     I  5.140870514
		hkl_m_d_th2 4 2 11 4  1.472410     63.08817     I  0.07559771374
		hkl_m_d_th2 9 3 8 4  1.471264     63.14297     I  0.2780265026
		hkl_m_d_th2 13 3 6 4  1.472267     63.09500     I  0.134692853
		hkl_m_d_th2 12 4 1 4  1.469191     63.24238     I  0.3428025628
		hkl_m_d_th2 12 -4 -2 4  1.468761     63.26303     I  0.3365615623
		hkl_m_d_th2 17 -3 -3 4  1.473157     63.05251     I  0.2521736758
		hkl_m_d_th2 19 -1 -7 4  1.473136     63.05353     I  0.093613323
		hkl_m_d_th2 20 0 5 2  1.473355     63.04305     I  0.2025927832
		hkl_m_d_th2 8 4 5 4  1.462532     63.56388     I  0.271161497
		hkl_m_d_th2 21 1 3 4  1.470108     63.19837     I  7.936056531
		hkl_m_d_th2 22 0 2 2  1.470845     63.16307     I  5.318740449
		hkl_m_d_th2 0 4 7 4  1.458358     63.76722     I  1.009094947e-010
		hkl_m_d_th2 17 3 2 4  1.464497     63.46865     I  1.009094947e-010
		hkl_m_d_th2 2 -4 -7 4  1.457857     63.79172     I  1.009094947e-010
		hkl_m_d_th2 7 -1 -12 4  1.463101     63.53628     I  0.1049690082
		hkl_m_d_th2 14 -2 -9 4  1.462625     63.55937     I  1.326444482
		hkl_m_d_th2 20 2 2 4  1.464028     63.49138     I  1.009094947e-010
		hkl_m_d_th2 6 4 6 4  1.453492     64.00602     I  1.853356242
		hkl_m_d_th2 22 0 -4 2  1.464638     63.46181     I  34.52858441
		hkl_m_d_th2 18 0 7 2  1.461675     63.60551     I  1.009094947e-010
		hkl_m_d_th2 10 4 4 4  1.452691     64.04550     I  0.4130913444
		hkl_m_d_th2 15 -3 -6 4  1.454788     63.94221     I  1.009094947e-010
		hkl_m_d_th2 6 0 12 2  1.455802     63.89239     I  0.7661514722
		hkl_m_d_th2 12 4 2 4  1.451085     64.12486     I  1.009094947e-010
		hkl_m_d_th2 10 0 11 2  1.456146     63.87553     I  1.009094947e-010
		hkl_m_d_th2 18 2 5 4  1.457358     63.81612     I  1.009094947e-010
		hkl_m_d_th2 9 1 11 4  1.455328     63.91567     I  1.009094947e-010
		hkl_m_d_th2 16 -2 -8 4  1.456009     63.88223     I  1.009094947e-010
		hkl_m_d_th2 12 -4 -3 4  1.450394     64.15902     I  1.009094947e-010
		hkl_m_d_th2 21 -1 -5 4  1.458914     63.74007     I  1.216873961
		hkl_m_d_th2 8 -2 -11 4  1.453009     64.02980     I  1.009094947e-010
		hkl_m_d_th2 1 -3 -10 4  1.450439     64.15682     I  3.930127844
		hkl_m_d_th2 2 4 7 4  1.447696     64.29295     I  0.1632240884
		hkl_m_d_th2 9 -3 -9 4  1.450060     64.17557     I  0.1031588318
		hkl_m_d_th2 4 -4 -7 4  1.446227     64.36609     I  1.009094947e-010
		hkl_m_d_th2 14 2 8 4  1.452544     64.05276     I  1.009094947e-010
		hkl_m_d_th2 20 -2 -4 4  1.453526     64.00435     I  0.1326945971
		hkl_m_d_th2 8 -4 -6 4  1.445005     64.42709     I  0.2147692207
		hkl_m_d_th2 3 -3 -10 4  1.446579     64.34857     I  1.009094947e-010
		hkl_m_d_th2 12 2 9 4  1.450104     64.17342     I  1.009094947e-010
		hkl_m_d_th2 10 -4 -5 4  1.444974     64.42863     I  0.003160000287
		hkl_m_d_th2 20 0 -7 2  1.452180     64.07070     I  0.4048305233
		hkl_m_d_th2 12 -2 -10 4  1.447491     64.30313     I  1.009094947e-010
		hkl_m_d_th2 17 -3 -4 4  1.447480     64.30366     I  0.066933185
		hkl_m_d_th2 1 3 10 4  1.443269     64.51395     I  0.04514032661
		hkl_m_d_th2 7 3 9 4  1.442513     64.55186     I  0.1032358734
		hkl_m_d_th2 15 3 5 4  1.444406     64.45704     I  0.1008854759
		hkl_m_d_th2 5 1 12 4  1.444266     64.46403     I  1.009094947e-010
		hkl_m_d_th2 19 1 6 4  1.441623     64.59654     I  0.1291654384
		hkl_m_d_th2 15 -1 -10 4  1.439491     64.70387     I  0.1808810901
		hkl_m_d_th2 6 2 11 4  1.436435     64.85837     I  1.009094947e-010
		hkl_m_d_th2 17 3 3 4  1.436015     64.87967     I  0.4221651856
		hkl_m_d_th2 10 0 -12 2  1.436529     64.85360     I  0.6238545131
		hkl_m_d_th2 5 -3 -10 4  1.431949     65.08659     I  1.009094947e-010
		hkl_m_d_th2 16 2 7 4  1.436579     64.85108     I  1.009094947e-010
		hkl_m_d_th2 22 0 3 2  1.440226     64.66681     I  1.358926183
		hkl_m_d_th2 17 -1 -9 4  1.436820     64.83886     I  1.009094947e-010
		hkl_m_d_th2 4 4 7 4  1.426586     65.36171     I  0.2974180907
		hkl_m_d_th2 20 2 3 4  1.434523     64.95544     I  1.009094947e-010
		hkl_m_d_th2 10 2 10 4  1.429531     65.21032     I  2.686227742
		hkl_m_d_th2 6 -4 -7 4  1.424246     65.48253     I  1.009094947e-010
		hkl_m_d_th2 12 4 3 4  1.425073     65.43979     I  1.009094947e-010
		hkl_m_d_th2 16 0 -10 2  1.431489     65.11008     I  1.009094947e-010
		hkl_m_d_th2 3 3 10 4  1.425550     65.41515     I  1.009094947e-010
		hkl_m_d_th2 12 -4 -4 4  1.424157     65.48710     I  1.009094947e-010
		hkl_m_d_th2 9 -1 -12 4  1.427754     65.30155     I  1.009094947e-010
		hkl_m_d_th2 22 0 -5 2  1.432471     65.05994     I  1.009094947e-010
		hkl_m_d_th2 21 1 4 4  1.431217     65.12399     I  6.898273463
		hkl_m_d_th2 18 -2 -7 4  1.428503     65.26308     I  1.009094947e-010
		hkl_m_d_th2 2 0 -13 2  1.424479     65.47049     I  1.009094947e-010
		hkl_m_d_th2 0 0 13 2  1.420854     65.65849     I  1.009094947e-010
		hkl_m_d_th2 13 -1 -11 4  1.421509     65.62447     I  1.009094947e-010
		hkl_m_d_th2 18 0 -9 2  1.423245     65.53435     I  1.009094947e-010
		LVol_FWHM_CS_G_L( 1, 636.61969`, 0.89, 889.99988`,,,(cs_C3S), 999.99987` min =50; max =1000;)
		r_bragg  9.04512882
		phase_MAC  101.135832
		phase_name "C3S_M3"
		space_group "8"
		scale sc_C3S_M3  0.00056245916`_LIMIT_MIN_1e-015
		MVW( 0.079, 4298.892`, 0.145`)
		a a_C3S_M3  33.249998`_LIMIT_MIN_33.12 min =33.12; max =33.25;
		b b_C3S_M3  6.999580`_LIMIT_MIN_6.95 min =6.95; max =7.15;
		c c_C3S_M3  18.519843`_LIMIT_MIN_18.46 min =18.46; max =18.57;
		be be_C3S_M3  94.15755`_LIMIT_MIN_94.02 min =94.02; max =94.42;
		Preferred_Orientation((po_C3S), 0.80000` min =0.8; max =1;,, 1 0 -1)
